{"C:\\Users\\mad\\Desktop\\Web\\GitHub\\kc-calculator\\src\\EffectiveLos.ts": {"path":"C:\\Users\\mad\\Desktop\\Web\\GitHub\\kc-calculator\\src\\EffectiveLos.ts","statementMap":{"0":{"start":{"line":1,"column":0},"end":{"line":1,"column":33}},"1":{"start":{"line":3,"column":0},"end":{"line":3,"column":93}},"2":{"start":{"line":5,"column":25},"end":{"line":20,"column":1}},"3":{"start":{"line":6,"column":41},"end":{"line":6,"column":45}},"4":{"start":{"line":8,"column":19},"end":{"line":8,"column":22}},"5":{"start":{"line":9,"column":2},"end":{"line":17,"column":null}},"6":{"start":{"line":10,"column":4},"end":{"line":10,"column":null}},"7":{"start":{"line":11,"column":9},"end":{"line":17,"column":null}},"8":{"start":{"line":12,"column":4},"end":{"line":12,"column":null}},"9":{"start":{"line":13,"column":9},"end":{"line":17,"column":null}},"10":{"start":{"line":14,"column":4},"end":{"line":14,"column":null}},"11":{"start":{"line":15,"column":9},"end":{"line":17,"column":null}},"12":{"start":{"line":16,"column":4},"end":{"line":16,"column":null}},"13":{"start":{"line":19,"column":2},"end":{"line":19,"column":null}},"14":{"start":{"line":22,"column":25},"end":{"line":32,"column":1}},"15":{"start":{"line":23,"column":46},"end":{"line":23,"column":50}},"16":{"start":{"line":24,"column":21},"end":{"line":24,"column":58}},"17":{"start":{"line":26,"column":19},"end":{"line":29,"column":4}},"18":{"start":{"line":27,"column":18},"end":{"line":27,"column":35}},"19":{"start":{"line":28,"column":4},"end":{"line":28,"column":null}},"20":{"start":{"line":31,"column":2},"end":{"line":31,"column":null}},"21":{"start":{"line":34,"column":26},"end":{"line":36,"column":1}},"22":{"start":{"line":35,"column":2},"end":{"line":35,"column":null}},"23":{"start":{"line":35,"column":38},"end":{"line":35,"column":83}},"24":{"start":{"line":39,"column":16},"end":{"line":39,"column":null}},"25":{"start":{"line":40,"column":16},"end":{"line":40,"column":null}},"26":{"start":{"line":41,"column":16},"end":{"line":41,"column":null}},"27":{"start":{"line":38,"column":0},"end":{"line":38,"column":21}}},"fnMap":{"0":{"name":"(anonymous_1)","decl":{"start":{"line":5,"column":25},"end":{"line":5,"column":26}},"loc":{"start":{"line":5,"column":41},"end":{"line":20,"column":1}}},"1":{"name":"(anonymous_2)","decl":{"start":{"line":22,"column":25},"end":{"line":22,"column":26}},"loc":{"start":{"line":22,"column":72},"end":{"line":32,"column":1}}},"2":{"name":"(anonymous_3)","decl":{"start":{"line":26,"column":66},"end":{"line":26,"column":77}},"loc":{"start":{"line":26,"column":80},"end":{"line":29,"column":3}}},"3":{"name":"(anonymous_4)","decl":{"start":{"line":34,"column":26},"end":{"line":34,"column":27}},"loc":{"start":{"line":34,"column":92},"end":{"line":36,"column":1}}},"4":{"name":"(anonymous_5)","decl":{"start":{"line":35,"column":30},"end":{"line":35,"column":34}},"loc":{"start":{"line":35,"column":38},"end":{"line":35,"column":83}}}},"branchMap":{"0":{"loc":{"start":{"line":9,"column":2},"end":{"line":17,"column":null}},"type":"if","locations":[{"start":{"line":9,"column":2},"end":{"line":17,"column":null}},{"start":{"line":9,"column":2},"end":{"line":17,"column":null}}]},"1":{"loc":{"start":{"line":11,"column":9},"end":{"line":17,"column":null}},"type":"if","locations":[{"start":{"line":11,"column":9},"end":{"line":17,"column":null}},{"start":{"line":11,"column":9},"end":{"line":17,"column":null}}]},"2":{"loc":{"start":{"line":13,"column":9},"end":{"line":17,"column":null}},"type":"if","locations":[{"start":{"line":13,"column":9},"end":{"line":17,"column":null}},{"start":{"line":13,"column":9},"end":{"line":17,"column":null}}]},"3":{"loc":{"start":{"line":15,"column":9},"end":{"line":17,"column":null}},"type":"if","locations":[{"start":{"line":15,"column":9},"end":{"line":17,"column":null}},{"start":{"line":15,"column":9},"end":{"line":17,"column":null}}]},"4":{"loc":{"start":{"line":28,"column":19},"end":{"line":28,"column":28}},"type":"cond-expr","locations":[{"start":{"line":28,"column":19},"end":{"line":28,"column":28}},{"start":{"line":28,"column":31},"end":{"line":28,"column":32}}]}},"s":{"0":2,"1":2,"2":2,"3":0,"4":0,"5":0,"6":0,"7":0,"8":0,"9":0,"10":0,"11":0,"12":0,"13":0,"14":2,"15":0,"16":0,"17":0,"18":0,"19":0,"20":0,"21":2,"22":0,"23":0,"24":2,"25":2,"26":2,"27":2},"f":{"0":0,"1":0,"2":0,"3":0,"4":0},"b":{"0":[0,0],"1":[0,0],"2":[0,0],"3":[0,0],"4":[0,0]}}
,"C:\\Users\\mad\\Desktop\\Web\\GitHub\\kc-calculator\\src\\index.ts": {"path":"C:\\Users\\mad\\Desktop\\Web\\GitHub\\kc-calculator\\src\\index.ts","statementMap":{"0":{"start":{"line":1,"column":0},"end":{"line":1,"column":38}},"1":{"start":{"line":2,"column":9},"end":{"line":2,"column":17}},"2":{"start":{"line":4,"column":0},"end":{"line":4,"column":null}},"3":{"start":{"line":5,"column":2},"end":{"line":5,"column":null}},"4":{"start":{"line":18,"column":2},"end":{"line":18,"column":null}},"5":{"start":{"line":21,"column":0},"end":{"line":21,"column":22}},"6":{"start":{"line":23,"column":0},"end":{"line":23,"column":27}},"7":{"start":{"line":25,"column":0},"end":{"line":25,"column":24}},"8":{"start":{"line":29,"column":0},"end":{"line":29,"column":23}}},"fnMap":{},"branchMap":{},"s":{"0":2,"1":2,"2":2,"3":2,"4":2,"5":2,"6":2,"7":2,"8":2},"f":{},"b":{}}
,"C:\\Users\\mad\\Desktop\\Web\\GitHub\\kc-calculator\\src\\Battle\\BattleFleet.ts": {"path":"C:\\Users\\mad\\Desktop\\Web\\GitHub\\kc-calculator\\src\\Battle\\BattleFleet.ts","statementMap":{"0":{"start":{"line":1,"column":0},"end":{"line":1,"column":72}},"1":{"start":{"line":3,"column":0},"end":{"line":3,"column":45}},"2":{"start":{"line":39,"column":20},"end":{"line":39,"column":30}},"3":{"start":{"line":40,"column":20},"end":{"line":40,"column":44}},"4":{"start":{"line":41,"column":20},"end":{"line":41,"column":50}},"5":{"start":{"line":42,"column":20},"end":{"line":42,"column":37}},"6":{"start":{"line":43,"column":20},"end":{"line":43,"column":40}},"7":{"start":{"line":34,"column":9},"end":{"line":34,"column":null}},"8":{"start":{"line":36,"column":9},"end":{"line":36,"column":null}},"9":{"start":{"line":45,"column":4},"end":{"line":47,"column":null}},"10":{"start":{"line":46,"column":6},"end":{"line":46,"column":null}},"11":{"start":{"line":51,"column":39},"end":{"line":51,"column":43}},"12":{"start":{"line":52,"column":18},"end":{"line":52,"column":53}},"13":{"start":{"line":53,"column":4},"end":{"line":55,"column":null}},"14":{"start":{"line":54,"column":6},"end":{"line":54,"column":null}},"15":{"start":{"line":57,"column":4},"end":{"line":57,"column":null}},"16":{"start":{"line":61,"column":42},"end":{"line":61,"column":46}},"17":{"start":{"line":62,"column":25},"end":{"line":62,"column":89}},"18":{"start":{"line":63,"column":4},"end":{"line":63,"column":null}},"19":{"start":{"line":67,"column":4},"end":{"line":67,"column":null}},"20":{"start":{"line":71,"column":81},"end":{"line":71,"column":85}},"21":{"start":{"line":72,"column":21},"end":{"line":72,"column":65}},"22":{"start":{"line":73,"column":26},"end":{"line":73,"column":90}},"23":{"start":{"line":73,"column":71},"end":{"line":73,"column":89}},"24":{"start":{"line":74,"column":4},"end":{"line":76,"column":null}},"25":{"start":{"line":75,"column":6},"end":{"line":75,"column":null}},"26":{"start":{"line":78,"column":4},"end":{"line":80,"column":null}},"27":{"start":{"line":79,"column":6},"end":{"line":79,"column":null}},"28":{"start":{"line":81,"column":28},"end":{"line":81,"column":94}},"29":{"start":{"line":81,"column":75},"end":{"line":81,"column":93}},"30":{"start":{"line":82,"column":4},"end":{"line":84,"column":null}},"31":{"start":{"line":83,"column":6},"end":{"line":83,"column":null}},"32":{"start":{"line":85,"column":4},"end":{"line":85,"column":null}},"33":{"start":{"line":33,"column":0},"end":{"line":33,"column":21}}},"fnMap":{"0":{"name":"(anonymous_0)","decl":{"start":{"line":38,"column":2},"end":{"line":38,"column":null}},"loc":{"start":{"line":43,"column":40},"end":{"line":48,"column":3}}},"1":{"name":"(anonymous_1)","decl":{"start":{"line":50,"column":2},"end":{"line":50,"column":6}},"loc":{"start":{"line":50,"column":14},"end":{"line":58,"column":3}}},"2":{"name":"(anonymous_2)","decl":{"start":{"line":60,"column":2},"end":{"line":60,"column":6}},"loc":{"start":{"line":60,"column":18},"end":{"line":64,"column":3}}},"3":{"name":"(anonymous_3)","decl":{"start":{"line":66,"column":2},"end":{"line":66,"column":6}},"loc":{"start":{"line":66,"column":21},"end":{"line":68,"column":3}}},"4":{"name":"(anonymous_4)","decl":{"start":{"line":70,"column":9},"end":{"line":70,"column":27}},"loc":{"start":{"line":70,"column":39},"end":{"line":86,"column":3}}},"5":{"name":"(anonymous_5)","decl":{"start":{"line":73,"column":58},"end":{"line":73,"column":67}},"loc":{"start":{"line":73,"column":71},"end":{"line":73,"column":89}}},"6":{"name":"(anonymous_6)","decl":{"start":{"line":81,"column":62},"end":{"line":81,"column":71}},"loc":{"start":{"line":81,"column":75},"end":{"line":81,"column":93}}}},"branchMap":{"0":{"loc":{"start":{"line":45,"column":4},"end":{"line":47,"column":null}},"type":"if","locations":[{"start":{"line":45,"column":4},"end":{"line":47,"column":null}},{"start":{"line":45,"column":4},"end":{"line":47,"column":null}}]},"1":{"loc":{"start":{"line":53,"column":4},"end":{"line":55,"column":null}},"type":"if","locations":[{"start":{"line":53,"column":4},"end":{"line":55,"column":null}},{"start":{"line":53,"column":4},"end":{"line":55,"column":null}}]},"2":{"loc":{"start":{"line":74,"column":4},"end":{"line":76,"column":null}},"type":"if","locations":[{"start":{"line":74,"column":4},"end":{"line":76,"column":null}},{"start":{"line":74,"column":4},"end":{"line":76,"column":null}}]},"3":{"loc":{"start":{"line":78,"column":4},"end":{"line":80,"column":null}},"type":"if","locations":[{"start":{"line":78,"column":4},"end":{"line":80,"column":null}},{"start":{"line":78,"column":4},"end":{"line":80,"column":null}}]},"4":{"loc":{"start":{"line":82,"column":4},"end":{"line":84,"column":null}},"type":"if","locations":[{"start":{"line":82,"column":4},"end":{"line":84,"column":null}},{"start":{"line":82,"column":4},"end":{"line":84,"column":null}}]}},"s":{"0":2,"1":2,"2":0,"3":0,"4":0,"5":0,"6":0,"7":0,"8":0,"9":0,"10":0,"11":0,"12":0,"13":0,"14":0,"15":0,"16":0,"17":0,"18":0,"19":0,"20":0,"21":0,"22":0,"23":0,"24":0,"25":0,"26":0,"27":0,"28":0,"29":0,"30":0,"31":0,"32":0,"33":2},"f":{"0":0,"1":0,"2":0,"3":0,"4":0,"5":0,"6":0},"b":{"0":[0,0],"1":[0,0],"2":[0,0],"3":[0,0],"4":[0,0]}}
,"C:\\Users\\mad\\Desktop\\Web\\GitHub\\kc-calculator\\src\\Battle\\CombatInformation.ts": {"path":"C:\\Users\\mad\\Desktop\\Web\\GitHub\\kc-calculator\\src\\Battle\\CombatInformation.ts","statementMap":{"0":{"start":{"line":17,"column":20},"end":{"line":17,"column":40}},"1":{"start":{"line":18,"column":20},"end":{"line":18,"column":39}},"2":{"start":{"line":19,"column":20},"end":{"line":19,"column":42}},"3":{"start":{"line":23,"column":30},"end":{"line":23,"column":34}},"4":{"start":{"line":24,"column":17},"end":{"line":24,"column":48}},"5":{"start":{"line":25,"column":4},"end":{"line":27,"column":null}},"6":{"start":{"line":26,"column":6},"end":{"line":26,"column":null}},"7":{"start":{"line":29,"column":22},"end":{"line":29,"column":52}},"8":{"start":{"line":30,"column":4},"end":{"line":32,"column":null}},"9":{"start":{"line":31,"column":6},"end":{"line":31,"column":null}},"10":{"start":{"line":33,"column":4},"end":{"line":33,"column":null}},"11":{"start":{"line":15,"column":0},"end":{"line":15,"column":21}}},"fnMap":{"0":{"name":"(anonymous_0)","decl":{"start":{"line":16,"column":2},"end":{"line":16,"column":null}},"loc":{"start":{"line":19,"column":42},"end":{"line":20,"column":6}}},"1":{"name":"(anonymous_1)","decl":{"start":{"line":22,"column":9},"end":{"line":22,"column":27}},"loc":{"start":{"line":22,"column":39},"end":{"line":34,"column":3}}}},"branchMap":{"0":{"loc":{"start":{"line":25,"column":4},"end":{"line":27,"column":null}},"type":"if","locations":[{"start":{"line":25,"column":4},"end":{"line":27,"column":null}},{"start":{"line":25,"column":4},"end":{"line":27,"column":null}}]},"1":{"loc":{"start":{"line":30,"column":4},"end":{"line":32,"column":null}},"type":"if","locations":[{"start":{"line":30,"column":4},"end":{"line":32,"column":null}},{"start":{"line":30,"column":4},"end":{"line":32,"column":null}}]}},"s":{"0":0,"1":0,"2":0,"3":0,"4":0,"5":0,"6":0,"7":0,"8":0,"9":0,"10":0,"11":2},"f":{"0":0,"1":0},"b":{"0":[0,0],"1":[0,0]}}
,"C:\\Users\\mad\\Desktop\\Web\\GitHub\\kc-calculator\\src\\Battle\\Damage.ts": {"path":"C:\\Users\\mad\\Desktop\\Web\\GitHub\\kc-calculator\\src\\Battle\\Damage.ts","statementMap":{"0":{"start":{"line":2,"column":0},"end":{"line":2,"column":33}},"1":{"start":{"line":10,"column":21},"end":{"line":10,"column":35}},"2":{"start":{"line":11,"column":21},"end":{"line":11,"column":47}},"3":{"start":{"line":12,"column":21},"end":{"line":12,"column":42}},"4":{"start":{"line":13,"column":21},"end":{"line":13,"column":45}},"5":{"start":{"line":16,"column":10},"end":{"line":20,"column":null}},"6":{"start":{"line":17,"column":51},"end":{"line":17,"column":55}},"7":{"start":{"line":18,"column":18},"end":{"line":18,"column":87}},"8":{"start":{"line":19,"column":4},"end":{"line":19,"column":null}},"9":{"start":{"line":22,"column":9},"end":{"line":24,"column":null}},"10":{"start":{"line":23,"column":4},"end":{"line":23,"column":null}},"11":{"start":{"line":27,"column":4},"end":{"line":27,"column":null}},"12":{"start":{"line":31,"column":4},"end":{"line":31,"column":null}},"13":{"start":{"line":35,"column":40},"end":{"line":35,"column":44}},"14":{"start":{"line":36,"column":4},"end":{"line":36,"column":null}},"15":{"start":{"line":40,"column":35},"end":{"line":40,"column":39}},"16":{"start":{"line":41,"column":4},"end":{"line":41,"column":null}},"17":{"start":{"line":45,"column":23},"end":{"line":45,"column":27}},"18":{"start":{"line":46,"column":4},"end":{"line":46,"column":null}},"19":{"start":{"line":46,"column":34},"end":{"line":46,"column":44}},"20":{"start":{"line":50,"column":30},"end":{"line":50,"column":34}},"21":{"start":{"line":51,"column":4},"end":{"line":51,"column":null}},"22":{"start":{"line":51,"column":51},"end":{"line":51,"column":104}},"23":{"start":{"line":55,"column":38},"end":{"line":55,"column":42}},"24":{"start":{"line":56,"column":4},"end":{"line":56,"column":null}},"25":{"start":{"line":56,"column":34},"end":{"line":56,"column":60}},"26":{"start":{"line":60,"column":30},"end":{"line":60,"column":34}},"27":{"start":{"line":61,"column":4},"end":{"line":61,"column":null}},"28":{"start":{"line":61,"column":51},"end":{"line":61,"column":102}},"29":{"start":{"line":5,"column":16},"end":{"line":7,"column":null}},"30":{"start":{"line":6,"column":4},"end":{"line":6,"column":null}},"31":{"start":{"line":4,"column":0},"end":{"line":4,"column":21}}},"fnMap":{"0":{"name":"(anonymous_0)","decl":{"start":{"line":9,"column":2},"end":{"line":9,"column":null}},"loc":{"start":{"line":13,"column":46},"end":{"line":14,"column":6}}},"1":{"name":"(anonymous_1)","decl":{"start":{"line":16,"column":22},"end":{"line":16,"column":23}},"loc":{"start":{"line":16,"column":52},"end":{"line":20,"column":3}}},"2":{"name":"(anonymous_2)","decl":{"start":{"line":22,"column":18},"end":{"line":22,"column":21}},"loc":{"start":{"line":22,"column":23},"end":{"line":24,"column":3}}},"3":{"name":"(anonymous_3)","decl":{"start":{"line":26,"column":2},"end":{"line":26,"column":13}},"loc":{"start":{"line":26,"column":16},"end":{"line":28,"column":3}}},"4":{"name":"(anonymous_4)","decl":{"start":{"line":30,"column":2},"end":{"line":30,"column":13}},"loc":{"start":{"line":30,"column":16},"end":{"line":32,"column":3}}},"5":{"name":"(anonymous_5)","decl":{"start":{"line":34,"column":2},"end":{"line":34,"column":13}},"loc":{"start":{"line":34,"column":19},"end":{"line":37,"column":3}}},"6":{"name":"(anonymous_6)","decl":{"start":{"line":39,"column":2},"end":{"line":39,"column":13}},"loc":{"start":{"line":39,"column":21},"end":{"line":42,"column":3}}},"7":{"name":"(anonymous_7)","decl":{"start":{"line":44,"column":2},"end":{"line":44,"column":13}},"loc":{"start":{"line":44,"column":37},"end":{"line":47,"column":3}}},"8":{"name":"(anonymous_8)","decl":{"start":{"line":46,"column":25},"end":{"line":46,"column":30}},"loc":{"start":{"line":46,"column":34},"end":{"line":46,"column":44}}},"9":{"name":"(anonymous_9)","decl":{"start":{"line":49,"column":2},"end":{"line":49,"column":13}},"loc":{"start":{"line":49,"column":27},"end":{"line":52,"column":3}}},"10":{"name":"(anonymous_10)","decl":{"start":{"line":51,"column":36},"end":{"line":51,"column":47}},"loc":{"start":{"line":51,"column":51},"end":{"line":51,"column":104}}},"11":{"name":"(anonymous_11)","decl":{"start":{"line":54,"column":2},"end":{"line":54,"column":13}},"loc":{"start":{"line":54,"column":36},"end":{"line":57,"column":3}}},"12":{"name":"(anonymous_12)","decl":{"start":{"line":56,"column":25},"end":{"line":56,"column":30}},"loc":{"start":{"line":56,"column":34},"end":{"line":56,"column":60}}},"13":{"name":"(anonymous_13)","decl":{"start":{"line":59,"column":2},"end":{"line":59,"column":13}},"loc":{"start":{"line":59,"column":27},"end":{"line":62,"column":3}}},"14":{"name":"(anonymous_14)","decl":{"start":{"line":61,"column":36},"end":{"line":61,"column":47}},"loc":{"start":{"line":61,"column":51},"end":{"line":61,"column":102}}},"15":{"name":"(anonymous_15)","decl":{"start":{"line":5,"column":23},"end":{"line":5,"column":24}},"loc":{"start":{"line":5,"column":95},"end":{"line":7,"column":3}}}},"branchMap":{"0":{"loc":{"start":{"line":10,"column":35},"end":{"line":10,"column":36}},"type":"default-arg","locations":[{"start":{"line":10,"column":35},"end":{"line":10,"column":36}}]},"1":{"loc":{"start":{"line":13,"column":45},"end":{"line":13,"column":46}},"type":"default-arg","locations":[{"start":{"line":13,"column":45},"end":{"line":13,"column":46}}]},"2":{"loc":{"start":{"line":5,"column":38},"end":{"line":5,"column":39}},"type":"default-arg","locations":[{"start":{"line":5,"column":38},"end":{"line":5,"column":39}}]},"3":{"loc":{"start":{"line":5,"column":90},"end":{"line":5,"column":91}},"type":"default-arg","locations":[{"start":{"line":5,"column":90},"end":{"line":5,"column":91}}]}},"s":{"0":2,"1":0,"2":0,"3":0,"4":0,"5":0,"6":0,"7":0,"8":0,"9":0,"10":0,"11":0,"12":0,"13":0,"14":0,"15":0,"16":0,"17":0,"18":0,"19":0,"20":0,"21":0,"22":0,"23":0,"24":0,"25":0,"26":0,"27":0,"28":0,"29":2,"30":0,"31":2},"f":{"0":0,"1":0,"2":0,"3":0,"4":0,"5":0,"6":0,"7":0,"8":0,"9":0,"10":0,"11":0,"12":0,"13":0,"14":0,"15":0},"b":{"0":[0],"1":[0],"2":[0],"3":[0]}}
,"C:\\Users\\mad\\Desktop\\Web\\GitHub\\kc-calculator\\src\\Battle\\DefensePower.ts": {"path":"C:\\Users\\mad\\Desktop\\Web\\GitHub\\kc-calculator\\src\\Battle\\DefensePower.ts","statementMap":{"0":{"start":{"line":1,"column":0},"end":{"line":1,"column":41}},"1":{"start":{"line":5,"column":22},"end":{"line":5,"column":35}},"2":{"start":{"line":5,"column":45},"end":{"line":5,"column":72}},"3":{"start":{"line":26,"column":9},"end":{"line":29,"column":null}},"4":{"start":{"line":27,"column":31},"end":{"line":27,"column":35}},"5":{"start":{"line":28,"column":4},"end":{"line":28,"column":null}},"6":{"start":{"line":8,"column":4},"end":{"line":8,"column":null}},"7":{"start":{"line":12,"column":22},"end":{"line":12,"column":49}},"8":{"start":{"line":13,"column":4},"end":{"line":13,"column":null}},"9":{"start":{"line":17,"column":31},"end":{"line":17,"column":35}},"10":{"start":{"line":18,"column":4},"end":{"line":18,"column":null}},"11":{"start":{"line":22,"column":31},"end":{"line":22,"column":35}},"12":{"start":{"line":23,"column":4},"end":{"line":23,"column":null}},"13":{"start":{"line":23,"column":53},"end":{"line":23,"column":70}},"14":{"start":{"line":4,"column":0},"end":{"line":4,"column":21}}},"fnMap":{"0":{"name":"(anonymous_0)","decl":{"start":{"line":5,"column":2},"end":{"line":5,"column":22}},"loc":{"start":{"line":5,"column":72},"end":{"line":5,"column":76}}},"1":{"name":"(anonymous_1)","decl":{"start":{"line":26,"column":18},"end":{"line":26,"column":21}},"loc":{"start":{"line":26,"column":23},"end":{"line":29,"column":3}}},"2":{"name":"(anonymous_2)","decl":{"start":{"line":7,"column":2},"end":{"line":7,"column":14}},"loc":{"start":{"line":7,"column":23},"end":{"line":9,"column":3}}},"3":{"name":"(anonymous_3)","decl":{"start":{"line":11,"column":2},"end":{"line":11,"column":6}},"loc":{"start":{"line":11,"column":9},"end":{"line":14,"column":3}}},"4":{"name":"(anonymous_4)","decl":{"start":{"line":16,"column":2},"end":{"line":16,"column":6}},"loc":{"start":{"line":16,"column":9},"end":{"line":19,"column":3}}},"5":{"name":"(anonymous_5)","decl":{"start":{"line":21,"column":2},"end":{"line":21,"column":6}},"loc":{"start":{"line":21,"column":12},"end":{"line":24,"column":3}}},"6":{"name":"(anonymous_6)","decl":{"start":{"line":23,"column":44},"end":{"line":23,"column":49}},"loc":{"start":{"line":23,"column":53},"end":{"line":23,"column":70}}}},"branchMap":{},"s":{"0":4,"1":0,"2":0,"3":0,"4":0,"5":0,"6":0,"7":0,"8":0,"9":0,"10":0,"11":0,"12":0,"13":0,"14":4},"f":{"0":0,"1":0,"2":0,"3":0,"4":0,"5":0,"6":0},"b":{}}
,"C:\\Users\\mad\\Desktop\\Web\\GitHub\\kc-calculator\\src\\Battle\\Evasion.ts": {"path":"C:\\Users\\mad\\Desktop\\Web\\GitHub\\kc-calculator\\src\\Battle\\Evasion.ts","statementMap":{"0":{"start":{"line":10,"column":25},"end":{"line":11,"column":65}},"1":{"start":{"line":11,"column":2},"end":{"line":11,"column":65}},"2":{"start":{"line":13,"column":13},"end":{"line":25,"column":null}},"3":{"start":{"line":14,"column":28},"end":{"line":14,"column":38}},"4":{"start":{"line":15,"column":23},"end":{"line":15,"column":77}},"5":{"start":{"line":17,"column":16},"end":{"line":17,"column":28}},"6":{"start":{"line":18,"column":2},"end":{"line":22,"column":null}},"7":{"start":{"line":19,"column":4},"end":{"line":19,"column":null}},"8":{"start":{"line":20,"column":9},"end":{"line":22,"column":null}},"9":{"start":{"line":21,"column":4},"end":{"line":21,"column":null}},"10":{"start":{"line":24,"column":2},"end":{"line":24,"column":null}}},"fnMap":{"0":{"name":"(anonymous_0)","decl":{"start":{"line":10,"column":25},"end":{"line":10,"column":26}},"loc":{"start":{"line":11,"column":2},"end":{"line":11,"column":65}}},"1":{"name":"(anonymous_1)","decl":{"start":{"line":13,"column":32},"end":{"line":13,"column":33}},"loc":{"start":{"line":13,"column":96},"end":{"line":25,"column":1}}}},"branchMap":{"0":{"loc":{"start":{"line":13,"column":91},"end":{"line":13,"column":92}},"type":"default-arg","locations":[{"start":{"line":13,"column":91},"end":{"line":13,"column":92}}]},"1":{"loc":{"start":{"line":18,"column":2},"end":{"line":22,"column":null}},"type":"if","locations":[{"start":{"line":18,"column":2},"end":{"line":22,"column":null}},{"start":{"line":18,"column":2},"end":{"line":22,"column":null}}]},"2":{"loc":{"start":{"line":20,"column":9},"end":{"line":22,"column":null}},"type":"if","locations":[{"start":{"line":20,"column":9},"end":{"line":22,"column":null}},{"start":{"line":20,"column":9},"end":{"line":22,"column":null}}]}},"s":{"0":2,"1":0,"2":2,"3":0,"4":0,"5":0,"6":0,"7":0,"8":0,"9":0,"10":0},"f":{"0":0,"1":0},"b":{"0":[0],"1":[0,0],"2":[0,0]}}
,"C:\\Users\\mad\\Desktop\\Web\\GitHub\\kc-calculator\\src\\Battle\\Hit.ts": {"path":"C:\\Users\\mad\\Desktop\\Web\\GitHub\\kc-calculator\\src\\Battle\\Hit.ts","statementMap":{"0":{"start":{"line":7,"column":13},"end":{"line":16,"column":null}},"1":{"start":{"line":8,"column":18},"end":{"line":8,"column":55}},"2":{"start":{"line":9,"column":2},"end":{"line":11,"column":null}},"3":{"start":{"line":10,"column":4},"end":{"line":10,"column":null}},"4":{"start":{"line":12,"column":2},"end":{"line":14,"column":null}},"5":{"start":{"line":13,"column":4},"end":{"line":13,"column":null}},"6":{"start":{"line":15,"column":2},"end":{"line":15,"column":null}}},"fnMap":{"0":{"name":"(anonymous_0)","decl":{"start":{"line":7,"column":27},"end":{"line":7,"column":28}},"loc":{"start":{"line":7,"column":118},"end":{"line":16,"column":1}}}},"branchMap":{"0":{"loc":{"start":{"line":9,"column":2},"end":{"line":11,"column":null}},"type":"if","locations":[{"start":{"line":9,"column":2},"end":{"line":11,"column":null}},{"start":{"line":9,"column":2},"end":{"line":11,"column":null}}]},"1":{"loc":{"start":{"line":12,"column":2},"end":{"line":14,"column":null}},"type":"if","locations":[{"start":{"line":12,"column":2},"end":{"line":14,"column":null}},{"start":{"line":12,"column":2},"end":{"line":14,"column":null}}]}},"s":{"0":2,"1":0,"2":0,"3":0,"4":0,"5":0,"6":0},"f":{"0":0},"b":{"0":[0,0],"1":[0,0]}}
,"C:\\Users\\mad\\Desktop\\Web\\GitHub\\kc-calculator\\src\\Battle\\ShipAntiInstallationStatus.ts": {"path":"C:\\Users\\mad\\Desktop\\Web\\GitHub\\kc-calculator\\src\\Battle\\ShipAntiInstallationStatus.ts","statementMap":{"0":{"start":{"line":2,"column":0},"end":{"line":2,"column":33}},"1":{"start":{"line":3,"column":0},"end":{"line":3,"column":40}},"2":{"start":{"line":7,"column":22},"end":{"line":7,"column":33}},"3":{"start":{"line":312,"column":9},"end":{"line":330,"column":null}},"4":{"start":{"line":313,"column":22},"end":{"line":313,"column":103}},"5":{"start":{"line":314,"column":4},"end":{"line":327,"column":null}},"6":{"start":{"line":316,"column":8},"end":{"line":316,"column":null}},"7":{"start":{"line":318,"column":8},"end":{"line":318,"column":null}},"8":{"start":{"line":320,"column":8},"end":{"line":320,"column":null}},"9":{"start":{"line":322,"column":8},"end":{"line":326,"column":null}},"10":{"start":{"line":329,"column":4},"end":{"line":329,"column":null}},"11":{"start":{"line":10,"column":4},"end":{"line":10,"column":null}},"12":{"start":{"line":14,"column":4},"end":{"line":14,"column":null}},"13":{"start":{"line":18,"column":4},"end":{"line":18,"column":null}},"14":{"start":{"line":22,"column":4},"end":{"line":22,"column":null}},"15":{"start":{"line":26,"column":4},"end":{"line":26,"column":null}},"16":{"start":{"line":30,"column":36},"end":{"line":30,"column":92}},"17":{"start":{"line":30,"column":62},"end":{"line":30,"column":91}},"18":{"start":{"line":31,"column":4},"end":{"line":31,"column":null}},"19":{"start":{"line":31,"column":50},"end":{"line":31,"column":62}},"20":{"start":{"line":36,"column":24},"end":{"line":36,"column":28}},"21":{"start":{"line":37,"column":4},"end":{"line":39,"column":null}},"22":{"start":{"line":38,"column":6},"end":{"line":38,"column":null}},"23":{"start":{"line":40,"column":4},"end":{"line":42,"column":null}},"24":{"start":{"line":41,"column":6},"end":{"line":41,"column":null}},"25":{"start":{"line":43,"column":4},"end":{"line":45,"column":null}},"26":{"start":{"line":44,"column":6},"end":{"line":44,"column":null}},"27":{"start":{"line":46,"column":4},"end":{"line":48,"column":null}},"28":{"start":{"line":47,"column":6},"end":{"line":47,"column":null}},"29":{"start":{"line":49,"column":4},"end":{"line":49,"column":null}},"30":{"start":{"line":54,"column":26},"end":{"line":54,"column":85}},"31":{"start":{"line":54,"column":52},"end":{"line":54,"column":84}},"32":{"start":{"line":55,"column":4},"end":{"line":57,"column":null}},"33":{"start":{"line":56,"column":6},"end":{"line":56,"column":null}},"34":{"start":{"line":59,"column":20},"end":{"line":59,"column":95}},"35":{"start":{"line":59,"column":49},"end":{"line":59,"column":71}},"36":{"start":{"line":60,"column":4},"end":{"line":60,"column":null}},"37":{"start":{"line":65,"column":18},"end":{"line":65,"column":86}},"38":{"start":{"line":65,"column":44},"end":{"line":65,"column":85}},"39":{"start":{"line":66,"column":4},"end":{"line":68,"column":null}},"40":{"start":{"line":67,"column":6},"end":{"line":67,"column":null}},"41":{"start":{"line":69,"column":20},"end":{"line":69,"column":79}},"42":{"start":{"line":69,"column":41},"end":{"line":69,"column":63}},"43":{"start":{"line":70,"column":4},"end":{"line":70,"column":null}},"44":{"start":{"line":75,"column":4},"end":{"line":77,"column":null}},"45":{"start":{"line":76,"column":6},"end":{"line":76,"column":null}},"46":{"start":{"line":78,"column":4},"end":{"line":78,"column":null}},"47":{"start":{"line":83,"column":21},"end":{"line":83,"column":40}},"48":{"start":{"line":84,"column":4},"end":{"line":86,"column":null}},"49":{"start":{"line":85,"column":6},"end":{"line":85,"column":null}},"50":{"start":{"line":87,"column":4},"end":{"line":87,"column":null}},"51":{"start":{"line":91,"column":4},"end":{"line":93,"column":null}},"52":{"start":{"line":92,"column":6},"end":{"line":92,"column":null}},"53":{"start":{"line":94,"column":4},"end":{"line":94,"column":null}},"54":{"start":{"line":106,"column":8},"end":{"line":106,"column":12}},"55":{"start":{"line":108,"column":29},"end":{"line":108,"column":51}},"56":{"start":{"line":110,"column":6},"end":{"line":113,"column":36}},"57":{"start":{"line":114,"column":21},"end":{"line":114,"column":58}},"58":{"start":{"line":116,"column":4},"end":{"line":116,"column":null}},"59":{"start":{"line":120,"column":88},"end":{"line":120,"column":92}},"60":{"start":{"line":122,"column":29},"end":{"line":122,"column":44}},"61":{"start":{"line":123,"column":43},"end":{"line":123,"column":58}},"62":{"start":{"line":125,"column":4},"end":{"line":127,"column":null}},"63":{"start":{"line":126,"column":6},"end":{"line":126,"column":null}},"64":{"start":{"line":129,"column":4},"end":{"line":131,"column":null}},"65":{"start":{"line":130,"column":6},"end":{"line":130,"column":null}},"66":{"start":{"line":132,"column":4},"end":{"line":134,"column":null}},"67":{"start":{"line":133,"column":6},"end":{"line":133,"column":null}},"68":{"start":{"line":136,"column":4},"end":{"line":138,"column":null}},"69":{"start":{"line":137,"column":6},"end":{"line":137,"column":null}},"70":{"start":{"line":140,"column":4},"end":{"line":142,"column":null}},"71":{"start":{"line":141,"column":6},"end":{"line":141,"column":null}},"72":{"start":{"line":145,"column":21},"end":{"line":145,"column":35}},"73":{"start":{"line":146,"column":4},"end":{"line":148,"column":null}},"74":{"start":{"line":147,"column":6},"end":{"line":147,"column":null}},"75":{"start":{"line":149,"column":4},"end":{"line":151,"column":null}},"76":{"start":{"line":150,"column":6},"end":{"line":150,"column":null}},"77":{"start":{"line":154,"column":39},"end":{"line":154,"column":81}},"78":{"start":{"line":155,"column":4},"end":{"line":157,"column":null}},"79":{"start":{"line":156,"column":6},"end":{"line":156,"column":null}},"80":{"start":{"line":158,"column":4},"end":{"line":160,"column":null}},"81":{"start":{"line":159,"column":6},"end":{"line":159,"column":null}},"82":{"start":{"line":162,"column":4},"end":{"line":162,"column":null}},"83":{"start":{"line":166,"column":94},"end":{"line":166,"column":98}},"84":{"start":{"line":167,"column":25},"end":{"line":167,"column":29}},"85":{"start":{"line":169,"column":29},"end":{"line":169,"column":44}},"86":{"start":{"line":170,"column":43},"end":{"line":170,"column":58}},"87":{"start":{"line":172,"column":4},"end":{"line":174,"column":null}},"88":{"start":{"line":173,"column":6},"end":{"line":173,"column":null}},"89":{"start":{"line":176,"column":4},"end":{"line":178,"column":null}},"90":{"start":{"line":177,"column":6},"end":{"line":177,"column":null}},"91":{"start":{"line":179,"column":4},"end":{"line":181,"column":null}},"92":{"start":{"line":180,"column":6},"end":{"line":180,"column":null}},"93":{"start":{"line":183,"column":4},"end":{"line":185,"column":null}},"94":{"start":{"line":184,"column":6},"end":{"line":184,"column":null}},"95":{"start":{"line":187,"column":4},"end":{"line":189,"column":null}},"96":{"start":{"line":188,"column":6},"end":{"line":188,"column":null}},"97":{"start":{"line":192,"column":21},"end":{"line":192,"column":35}},"98":{"start":{"line":193,"column":4},"end":{"line":195,"column":null}},"99":{"start":{"line":194,"column":6},"end":{"line":194,"column":null}},"100":{"start":{"line":196,"column":4},"end":{"line":198,"column":null}},"101":{"start":{"line":197,"column":6},"end":{"line":197,"column":null}},"102":{"start":{"line":201,"column":39},"end":{"line":201,"column":81}},"103":{"start":{"line":202,"column":4},"end":{"line":204,"column":null}},"104":{"start":{"line":203,"column":6},"end":{"line":203,"column":null}},"105":{"start":{"line":205,"column":4},"end":{"line":207,"column":null}},"106":{"start":{"line":206,"column":6},"end":{"line":206,"column":null}},"107":{"start":{"line":209,"column":4},"end":{"line":211,"column":null}},"108":{"start":{"line":210,"column":6},"end":{"line":210,"column":null}},"109":{"start":{"line":213,"column":4},"end":{"line":213,"column":null}},"110":{"start":{"line":217,"column":88},"end":{"line":217,"column":92}},"111":{"start":{"line":219,"column":29},"end":{"line":219,"column":44}},"112":{"start":{"line":220,"column":43},"end":{"line":220,"column":58}},"113":{"start":{"line":222,"column":4},"end":{"line":224,"column":null}},"114":{"start":{"line":223,"column":6},"end":{"line":223,"column":null}},"115":{"start":{"line":226,"column":4},"end":{"line":228,"column":null}},"116":{"start":{"line":227,"column":6},"end":{"line":227,"column":null}},"117":{"start":{"line":229,"column":4},"end":{"line":231,"column":null}},"118":{"start":{"line":230,"column":6},"end":{"line":230,"column":null}},"119":{"start":{"line":233,"column":4},"end":{"line":235,"column":null}},"120":{"start":{"line":234,"column":6},"end":{"line":234,"column":null}},"121":{"start":{"line":237,"column":4},"end":{"line":239,"column":null}},"122":{"start":{"line":238,"column":6},"end":{"line":238,"column":null}},"123":{"start":{"line":242,"column":21},"end":{"line":242,"column":35}},"124":{"start":{"line":243,"column":4},"end":{"line":245,"column":null}},"125":{"start":{"line":244,"column":6},"end":{"line":244,"column":null}},"126":{"start":{"line":246,"column":4},"end":{"line":248,"column":null}},"127":{"start":{"line":247,"column":6},"end":{"line":247,"column":null}},"128":{"start":{"line":251,"column":39},"end":{"line":251,"column":81}},"129":{"start":{"line":252,"column":4},"end":{"line":254,"column":null}},"130":{"start":{"line":253,"column":6},"end":{"line":253,"column":null}},"131":{"start":{"line":255,"column":4},"end":{"line":257,"column":null}},"132":{"start":{"line":256,"column":6},"end":{"line":256,"column":null}},"133":{"start":{"line":259,"column":4},"end":{"line":259,"column":null}},"134":{"start":{"line":270,"column":8},"end":{"line":270,"column":12}},"135":{"start":{"line":271,"column":25},"end":{"line":271,"column":26}},"136":{"start":{"line":273,"column":4},"end":{"line":275,"column":null}},"137":{"start":{"line":274,"column":6},"end":{"line":274,"column":null}},"138":{"start":{"line":276,"column":4},"end":{"line":278,"column":null}},"139":{"start":{"line":277,"column":6},"end":{"line":277,"column":null}},"140":{"start":{"line":280,"column":4},"end":{"line":282,"column":null}},"141":{"start":{"line":281,"column":6},"end":{"line":281,"column":null}},"142":{"start":{"line":285,"column":4},"end":{"line":287,"column":null}},"143":{"start":{"line":286,"column":6},"end":{"line":286,"column":null}},"144":{"start":{"line":289,"column":4},"end":{"line":289,"column":null}},"145":{"start":{"line":292,"column":21},"end":{"line":292,"column":35}},"146":{"start":{"line":293,"column":4},"end":{"line":295,"column":null}},"147":{"start":{"line":294,"column":6},"end":{"line":294,"column":null}},"148":{"start":{"line":296,"column":4},"end":{"line":298,"column":null}},"149":{"start":{"line":297,"column":6},"end":{"line":297,"column":null}},"150":{"start":{"line":300,"column":39},"end":{"line":300,"column":81}},"151":{"start":{"line":301,"column":4},"end":{"line":303,"column":null}},"152":{"start":{"line":302,"column":6},"end":{"line":302,"column":null}},"153":{"start":{"line":304,"column":4},"end":{"line":306,"column":null}},"154":{"start":{"line":305,"column":6},"end":{"line":305,"column":null}},"155":{"start":{"line":307,"column":4},"end":{"line":307,"column":null}},"156":{"start":{"line":309,"column":4},"end":{"line":309,"column":null}},"157":{"start":{"line":6,"column":0},"end":{"line":6,"column":21}}},"fnMap":{"0":{"name":"(anonymous_0)","decl":{"start":{"line":7,"column":2},"end":{"line":7,"column":22}},"loc":{"start":{"line":7,"column":33},"end":{"line":7,"column":37}}},"1":{"name":"(anonymous_1)","decl":{"start":{"line":312,"column":32},"end":{"line":312,"column":33}},"loc":{"start":{"line":312,"column":59},"end":{"line":330,"column":3}}},"2":{"name":"(anonymous_2)","decl":{"start":{"line":9,"column":2},"end":{"line":9,"column":14}},"loc":{"start":{"line":9,"column":19},"end":{"line":11,"column":3}}},"3":{"name":"(anonymous_3)","decl":{"start":{"line":13,"column":2},"end":{"line":13,"column":14}},"loc":{"start":{"line":13,"column":23},"end":{"line":15,"column":3}}},"4":{"name":"(anonymous_4)","decl":{"start":{"line":17,"column":2},"end":{"line":17,"column":14}},"loc":{"start":{"line":17,"column":31},"end":{"line":19,"column":3}}},"5":{"name":"(anonymous_5)","decl":{"start":{"line":21,"column":2},"end":{"line":21,"column":14}},"loc":{"start":{"line":21,"column":29},"end":{"line":23,"column":3}}},"6":{"name":"(anonymous_6)","decl":{"start":{"line":25,"column":2},"end":{"line":25,"column":14}},"loc":{"start":{"line":25,"column":21},"end":{"line":27,"column":3}}},"7":{"name":"(anonymous_7)","decl":{"start":{"line":29,"column":2},"end":{"line":29,"column":6}},"loc":{"start":{"line":29,"column":13},"end":{"line":32,"column":3}}},"8":{"name":"(anonymous_8)","decl":{"start":{"line":30,"column":54},"end":{"line":30,"column":58}},"loc":{"start":{"line":30,"column":62},"end":{"line":30,"column":91}}},"9":{"name":"(anonymous_9)","decl":{"start":{"line":31,"column":42},"end":{"line":31,"column":46}},"loc":{"start":{"line":31,"column":50},"end":{"line":31,"column":62}}},"10":{"name":"(anonymous_10)","decl":{"start":{"line":35,"column":2},"end":{"line":35,"column":6}},"loc":{"start":{"line":35,"column":16},"end":{"line":50,"column":3}}},"11":{"name":"(anonymous_11)","decl":{"start":{"line":53,"column":2},"end":{"line":53,"column":6}},"loc":{"start":{"line":53,"column":44},"end":{"line":61,"column":3}}},"12":{"name":"(anonymous_12)","decl":{"start":{"line":54,"column":44},"end":{"line":54,"column":48}},"loc":{"start":{"line":54,"column":52},"end":{"line":54,"column":84}}},"13":{"name":"(anonymous_13)","decl":{"start":{"line":59,"column":41},"end":{"line":59,"column":45}},"loc":{"start":{"line":59,"column":49},"end":{"line":59,"column":71}}},"14":{"name":"(anonymous_14)","decl":{"start":{"line":64,"column":2},"end":{"line":64,"column":6}},"loc":{"start":{"line":64,"column":53},"end":{"line":71,"column":3}}},"15":{"name":"(anonymous_15)","decl":{"start":{"line":65,"column":36},"end":{"line":65,"column":40}},"loc":{"start":{"line":65,"column":44},"end":{"line":65,"column":85}}},"16":{"name":"(anonymous_16)","decl":{"start":{"line":69,"column":33},"end":{"line":69,"column":37}},"loc":{"start":{"line":69,"column":41},"end":{"line":69,"column":63}}},"17":{"name":"(anonymous_17)","decl":{"start":{"line":74,"column":2},"end":{"line":74,"column":6}},"loc":{"start":{"line":74,"column":32},"end":{"line":79,"column":3}}},"18":{"name":"(anonymous_18)","decl":{"start":{"line":82,"column":2},"end":{"line":82,"column":6}},"loc":{"start":{"line":82,"column":21},"end":{"line":88,"column":3}}},"19":{"name":"(anonymous_19)","decl":{"start":{"line":90,"column":2},"end":{"line":90,"column":6}},"loc":{"start":{"line":90,"column":28},"end":{"line":95,"column":3}}},"20":{"name":"(anonymous_20)","decl":{"start":{"line":98,"column":2},"end":{"line":98,"column":6}},"loc":{"start":{"line":98,"column":21},"end":{"line":117,"column":3}}},"21":{"name":"(anonymous_21)","decl":{"start":{"line":119,"column":2},"end":{"line":119,"column":6}},"loc":{"start":{"line":119,"column":30},"end":{"line":163,"column":3}}},"22":{"name":"(anonymous_22)","decl":{"start":{"line":165,"column":2},"end":{"line":165,"column":6}},"loc":{"start":{"line":165,"column":26},"end":{"line":214,"column":3}}},"23":{"name":"(anonymous_23)","decl":{"start":{"line":216,"column":2},"end":{"line":216,"column":6}},"loc":{"start":{"line":216,"column":33},"end":{"line":260,"column":3}}},"24":{"name":"(anonymous_24)","decl":{"start":{"line":262,"column":2},"end":{"line":262,"column":6}},"loc":{"start":{"line":262,"column":36},"end":{"line":310,"column":3}}}},"branchMap":{"0":{"loc":{"start":{"line":315,"column":6},"end":{"line":316,"column":null}},"type":"switch","locations":[{"start":{"line":315,"column":6},"end":{"line":316,"column":null}},{"start":{"line":317,"column":6},"end":{"line":318,"column":null}},{"start":{"line":319,"column":6},"end":{"line":320,"column":null}},{"start":{"line":321,"column":6},"end":{"line":326,"column":null}}]},"1":{"loc":{"start":{"line":37,"column":4},"end":{"line":39,"column":null}},"type":"if","locations":[{"start":{"line":37,"column":4},"end":{"line":39,"column":null}},{"start":{"line":37,"column":4},"end":{"line":39,"column":null}}]},"2":{"loc":{"start":{"line":40,"column":4},"end":{"line":42,"column":null}},"type":"if","locations":[{"start":{"line":40,"column":4},"end":{"line":42,"column":null}},{"start":{"line":40,"column":4},"end":{"line":42,"column":null}}]},"3":{"loc":{"start":{"line":43,"column":4},"end":{"line":45,"column":null}},"type":"if","locations":[{"start":{"line":43,"column":4},"end":{"line":45,"column":null}},{"start":{"line":43,"column":4},"end":{"line":45,"column":null}}]},"4":{"loc":{"start":{"line":46,"column":4},"end":{"line":48,"column":null}},"type":"if","locations":[{"start":{"line":46,"column":4},"end":{"line":48,"column":null}},{"start":{"line":46,"column":4},"end":{"line":48,"column":null}}]},"5":{"loc":{"start":{"line":55,"column":4},"end":{"line":57,"column":null}},"type":"if","locations":[{"start":{"line":55,"column":4},"end":{"line":57,"column":null}},{"start":{"line":55,"column":4},"end":{"line":57,"column":null}}]},"6":{"loc":{"start":{"line":66,"column":4},"end":{"line":68,"column":null}},"type":"if","locations":[{"start":{"line":66,"column":4},"end":{"line":68,"column":null}},{"start":{"line":66,"column":4},"end":{"line":68,"column":null}}]},"7":{"loc":{"start":{"line":75,"column":4},"end":{"line":77,"column":null}},"type":"if","locations":[{"start":{"line":75,"column":4},"end":{"line":77,"column":null}},{"start":{"line":75,"column":4},"end":{"line":77,"column":null}}]},"8":{"loc":{"start":{"line":84,"column":4},"end":{"line":86,"column":null}},"type":"if","locations":[{"start":{"line":84,"column":4},"end":{"line":86,"column":null}},{"start":{"line":84,"column":4},"end":{"line":86,"column":null}}]},"9":{"loc":{"start":{"line":91,"column":4},"end":{"line":93,"column":null}},"type":"if","locations":[{"start":{"line":91,"column":4},"end":{"line":93,"column":null}},{"start":{"line":91,"column":4},"end":{"line":93,"column":null}}]},"10":{"loc":{"start":{"line":125,"column":4},"end":{"line":127,"column":null}},"type":"if","locations":[{"start":{"line":125,"column":4},"end":{"line":127,"column":null}},{"start":{"line":125,"column":4},"end":{"line":127,"column":null}}]},"11":{"loc":{"start":{"line":129,"column":4},"end":{"line":131,"column":null}},"type":"if","locations":[{"start":{"line":129,"column":4},"end":{"line":131,"column":null}},{"start":{"line":129,"column":4},"end":{"line":131,"column":null}}]},"12":{"loc":{"start":{"line":132,"column":4},"end":{"line":134,"column":null}},"type":"if","locations":[{"start":{"line":132,"column":4},"end":{"line":134,"column":null}},{"start":{"line":132,"column":4},"end":{"line":134,"column":null}}]},"13":{"loc":{"start":{"line":136,"column":4},"end":{"line":138,"column":null}},"type":"if","locations":[{"start":{"line":136,"column":4},"end":{"line":138,"column":null}},{"start":{"line":136,"column":4},"end":{"line":138,"column":null}}]},"14":{"loc":{"start":{"line":140,"column":4},"end":{"line":142,"column":null}},"type":"if","locations":[{"start":{"line":140,"column":4},"end":{"line":142,"column":null}},{"start":{"line":140,"column":4},"end":{"line":142,"column":null}}]},"15":{"loc":{"start":{"line":146,"column":4},"end":{"line":148,"column":null}},"type":"if","locations":[{"start":{"line":146,"column":4},"end":{"line":148,"column":null}},{"start":{"line":146,"column":4},"end":{"line":148,"column":null}}]},"16":{"loc":{"start":{"line":149,"column":4},"end":{"line":151,"column":null}},"type":"if","locations":[{"start":{"line":149,"column":4},"end":{"line":151,"column":null}},{"start":{"line":149,"column":4},"end":{"line":151,"column":null}}]},"17":{"loc":{"start":{"line":155,"column":4},"end":{"line":157,"column":null}},"type":"if","locations":[{"start":{"line":155,"column":4},"end":{"line":157,"column":null}},{"start":{"line":155,"column":4},"end":{"line":157,"column":null}}]},"18":{"loc":{"start":{"line":158,"column":4},"end":{"line":160,"column":null}},"type":"if","locations":[{"start":{"line":158,"column":4},"end":{"line":160,"column":null}},{"start":{"line":158,"column":4},"end":{"line":160,"column":null}}]},"19":{"loc":{"start":{"line":172,"column":4},"end":{"line":174,"column":null}},"type":"if","locations":[{"start":{"line":172,"column":4},"end":{"line":174,"column":null}},{"start":{"line":172,"column":4},"end":{"line":174,"column":null}}]},"20":{"loc":{"start":{"line":176,"column":4},"end":{"line":178,"column":null}},"type":"if","locations":[{"start":{"line":176,"column":4},"end":{"line":178,"column":null}},{"start":{"line":176,"column":4},"end":{"line":178,"column":null}}]},"21":{"loc":{"start":{"line":179,"column":4},"end":{"line":181,"column":null}},"type":"if","locations":[{"start":{"line":179,"column":4},"end":{"line":181,"column":null}},{"start":{"line":179,"column":4},"end":{"line":181,"column":null}}]},"22":{"loc":{"start":{"line":183,"column":4},"end":{"line":185,"column":null}},"type":"if","locations":[{"start":{"line":183,"column":4},"end":{"line":185,"column":null}},{"start":{"line":183,"column":4},"end":{"line":185,"column":null}}]},"23":{"loc":{"start":{"line":187,"column":4},"end":{"line":189,"column":null}},"type":"if","locations":[{"start":{"line":187,"column":4},"end":{"line":189,"column":null}},{"start":{"line":187,"column":4},"end":{"line":189,"column":null}}]},"24":{"loc":{"start":{"line":193,"column":4},"end":{"line":195,"column":null}},"type":"if","locations":[{"start":{"line":193,"column":4},"end":{"line":195,"column":null}},{"start":{"line":193,"column":4},"end":{"line":195,"column":null}}]},"25":{"loc":{"start":{"line":196,"column":4},"end":{"line":198,"column":null}},"type":"if","locations":[{"start":{"line":196,"column":4},"end":{"line":198,"column":null}},{"start":{"line":196,"column":4},"end":{"line":198,"column":null}}]},"26":{"loc":{"start":{"line":202,"column":4},"end":{"line":204,"column":null}},"type":"if","locations":[{"start":{"line":202,"column":4},"end":{"line":204,"column":null}},{"start":{"line":202,"column":4},"end":{"line":204,"column":null}}]},"27":{"loc":{"start":{"line":205,"column":4},"end":{"line":207,"column":null}},"type":"if","locations":[{"start":{"line":205,"column":4},"end":{"line":207,"column":null}},{"start":{"line":205,"column":4},"end":{"line":207,"column":null}}]},"28":{"loc":{"start":{"line":209,"column":4},"end":{"line":211,"column":null}},"type":"if","locations":[{"start":{"line":209,"column":4},"end":{"line":211,"column":null}},{"start":{"line":209,"column":4},"end":{"line":211,"column":null}}]},"29":{"loc":{"start":{"line":209,"column":8},"end":{"line":209,"column":28}},"type":"binary-expr","locations":[{"start":{"line":209,"column":8},"end":{"line":209,"column":28}},{"start":{"line":209,"column":32},"end":{"line":209,"column":60}}]},"30":{"loc":{"start":{"line":222,"column":4},"end":{"line":224,"column":null}},"type":"if","locations":[{"start":{"line":222,"column":4},"end":{"line":224,"column":null}},{"start":{"line":222,"column":4},"end":{"line":224,"column":null}}]},"31":{"loc":{"start":{"line":226,"column":4},"end":{"line":228,"column":null}},"type":"if","locations":[{"start":{"line":226,"column":4},"end":{"line":228,"column":null}},{"start":{"line":226,"column":4},"end":{"line":228,"column":null}}]},"32":{"loc":{"start":{"line":229,"column":4},"end":{"line":231,"column":null}},"type":"if","locations":[{"start":{"line":229,"column":4},"end":{"line":231,"column":null}},{"start":{"line":229,"column":4},"end":{"line":231,"column":null}}]},"33":{"loc":{"start":{"line":233,"column":4},"end":{"line":235,"column":null}},"type":"if","locations":[{"start":{"line":233,"column":4},"end":{"line":235,"column":null}},{"start":{"line":233,"column":4},"end":{"line":235,"column":null}}]},"34":{"loc":{"start":{"line":237,"column":4},"end":{"line":239,"column":null}},"type":"if","locations":[{"start":{"line":237,"column":4},"end":{"line":239,"column":null}},{"start":{"line":237,"column":4},"end":{"line":239,"column":null}}]},"35":{"loc":{"start":{"line":243,"column":4},"end":{"line":245,"column":null}},"type":"if","locations":[{"start":{"line":243,"column":4},"end":{"line":245,"column":null}},{"start":{"line":243,"column":4},"end":{"line":245,"column":null}}]},"36":{"loc":{"start":{"line":246,"column":4},"end":{"line":248,"column":null}},"type":"if","locations":[{"start":{"line":246,"column":4},"end":{"line":248,"column":null}},{"start":{"line":246,"column":4},"end":{"line":248,"column":null}}]},"37":{"loc":{"start":{"line":252,"column":4},"end":{"line":254,"column":null}},"type":"if","locations":[{"start":{"line":252,"column":4},"end":{"line":254,"column":null}},{"start":{"line":252,"column":4},"end":{"line":254,"column":null}}]},"38":{"loc":{"start":{"line":255,"column":4},"end":{"line":257,"column":null}},"type":"if","locations":[{"start":{"line":255,"column":4},"end":{"line":257,"column":null}},{"start":{"line":255,"column":4},"end":{"line":257,"column":null}}]},"39":{"loc":{"start":{"line":273,"column":4},"end":{"line":275,"column":null}},"type":"if","locations":[{"start":{"line":273,"column":4},"end":{"line":275,"column":null}},{"start":{"line":273,"column":4},"end":{"line":275,"column":null}}]},"40":{"loc":{"start":{"line":276,"column":4},"end":{"line":278,"column":null}},"type":"if","locations":[{"start":{"line":276,"column":4},"end":{"line":278,"column":null}},{"start":{"line":276,"column":4},"end":{"line":278,"column":null}}]},"41":{"loc":{"start":{"line":280,"column":4},"end":{"line":282,"column":null}},"type":"if","locations":[{"start":{"line":280,"column":4},"end":{"line":282,"column":null}},{"start":{"line":280,"column":4},"end":{"line":282,"column":null}}]},"42":{"loc":{"start":{"line":285,"column":4},"end":{"line":287,"column":null}},"type":"if","locations":[{"start":{"line":285,"column":4},"end":{"line":287,"column":null}},{"start":{"line":285,"column":4},"end":{"line":287,"column":null}}]},"43":{"loc":{"start":{"line":293,"column":4},"end":{"line":295,"column":null}},"type":"if","locations":[{"start":{"line":293,"column":4},"end":{"line":295,"column":null}},{"start":{"line":293,"column":4},"end":{"line":295,"column":null}}]},"44":{"loc":{"start":{"line":296,"column":4},"end":{"line":298,"column":null}},"type":"if","locations":[{"start":{"line":296,"column":4},"end":{"line":298,"column":null}},{"start":{"line":296,"column":4},"end":{"line":298,"column":null}}]},"45":{"loc":{"start":{"line":301,"column":4},"end":{"line":303,"column":null}},"type":"if","locations":[{"start":{"line":301,"column":4},"end":{"line":303,"column":null}},{"start":{"line":301,"column":4},"end":{"line":303,"column":null}}]},"46":{"loc":{"start":{"line":304,"column":4},"end":{"line":306,"column":null}},"type":"if","locations":[{"start":{"line":304,"column":4},"end":{"line":306,"column":null}},{"start":{"line":304,"column":4},"end":{"line":306,"column":null}}]}},"s":{"0":2,"1":2,"2":0,"3":0,"4":0,"5":0,"6":0,"7":0,"8":0,"9":0,"10":0,"11":0,"12":0,"13":0,"14":0,"15":0,"16":0,"17":0,"18":0,"19":0,"20":0,"21":0,"22":0,"23":0,"24":0,"25":0,"26":0,"27":0,"28":0,"29":0,"30":0,"31":0,"32":0,"33":0,"34":0,"35":0,"36":0,"37":0,"38":0,"39":0,"40":0,"41":0,"42":0,"43":0,"44":0,"45":0,"46":0,"47":0,"48":0,"49":0,"50":0,"51":0,"52":0,"53":0,"54":0,"55":0,"56":0,"57":0,"58":0,"59":0,"60":0,"61":0,"62":0,"63":0,"64":0,"65":0,"66":0,"67":0,"68":0,"69":0,"70":0,"71":0,"72":0,"73":0,"74":0,"75":0,"76":0,"77":0,"78":0,"79":0,"80":0,"81":0,"82":0,"83":0,"84":0,"85":0,"86":0,"87":0,"88":0,"89":0,"90":0,"91":0,"92":0,"93":0,"94":0,"95":0,"96":0,"97":0,"98":0,"99":0,"100":0,"101":0,"102":0,"103":0,"104":0,"105":0,"106":0,"107":0,"108":0,"109":0,"110":0,"111":0,"112":0,"113":0,"114":0,"115":0,"116":0,"117":0,"118":0,"119":0,"120":0,"121":0,"122":0,"123":0,"124":0,"125":0,"126":0,"127":0,"128":0,"129":0,"130":0,"131":0,"132":0,"133":0,"134":0,"135":0,"136":0,"137":0,"138":0,"139":0,"140":0,"141":0,"142":0,"143":0,"144":0,"145":0,"146":0,"147":0,"148":0,"149":0,"150":0,"151":0,"152":0,"153":0,"154":0,"155":0,"156":0,"157":2},"f":{"0":0,"1":0,"2":0,"3":0,"4":0,"5":0,"6":0,"7":0,"8":0,"9":0,"10":0,"11":0,"12":0,"13":0,"14":0,"15":0,"16":0,"17":0,"18":0,"19":0,"20":0,"21":0,"22":0,"23":0,"24":0},"b":{"0":[0,0,0,0],"1":[0,0],"2":[0,0],"3":[0,0],"4":[0,0],"5":[0,0],"6":[0,0],"7":[0,0],"8":[0,0],"9":[0,0],"10":[0,0],"11":[0,0],"12":[0,0],"13":[0,0],"14":[0,0],"15":[0,0],"16":[0,0],"17":[0,0],"18":[0,0],"19":[0,0],"20":[0,0],"21":[0,0],"22":[0,0],"23":[0,0],"24":[0,0],"25":[0,0],"26":[0,0],"27":[0,0],"28":[0,0],"29":[0,0],"30":[0,0],"31":[0,0],"32":[0,0],"33":[0,0],"34":[0,0],"35":[0,0],"36":[0,0],"37":[0,0],"38":[0,0],"39":[0,0],"40":[0,0],"41":[0,0],"42":[0,0],"43":[0,0],"44":[0,0],"45":[0,0],"46":[0,0]}}
,"C:\\Users\\mad\\Desktop\\Web\\GitHub\\kc-calculator\\src\\Battle\\index.ts": {"path":"C:\\Users\\mad\\Desktop\\Web\\GitHub\\kc-calculator\\src\\Battle\\index.ts","statementMap":{"0":{"start":{"line":1,"column":0},"end":{"line":1,"column":46}},"1":{"start":{"line":13,"column":9},"end":{"line":13,"column":21}},"2":{"start":{"line":2,"column":0},"end":{"line":2,"column":7}},"3":{"start":{"line":13,"column":23},"end":{"line":2,"column":39}},"4":{"start":{"line":3,"column":0},"end":{"line":3,"column":7}},"5":{"start":{"line":13,"column":36},"end":{"line":3,"column":51}},"6":{"start":{"line":5,"column":0},"end":{"line":5,"column":7}},"7":{"start":{"line":13,"column":55},"end":{"line":5,"column":29}},"8":{"start":{"line":6,"column":0},"end":{"line":6,"column":25}},"9":{"start":{"line":7,"column":0},"end":{"line":7,"column":27}},"10":{"start":{"line":9,"column":0},"end":{"line":9,"column":26}},"11":{"start":{"line":10,"column":0},"end":{"line":10,"column":33}},"12":{"start":{"line":11,"column":0},"end":{"line":11,"column":29}}},"fnMap":{},"branchMap":{},"s":{"0":2,"1":2,"2":2,"3":2,"4":2,"5":2,"6":2,"7":2,"8":2,"9":2,"10":2,"11":2,"12":2},"f":{},"b":{}}
,"C:\\Users\\mad\\Desktop\\Web\\GitHub\\kc-calculator\\src\\Battle\\AerialCombat\\AerialCombat.ts": {"path":"C:\\Users\\mad\\Desktop\\Web\\GitHub\\kc-calculator\\src\\Battle\\AerialCombat\\AerialCombat.ts","statementMap":{"0":{"start":{"line":1,"column":0},"end":{"line":1,"column":34}},"1":{"start":{"line":3,"column":0},"end":{"line":3,"column":55}},"2":{"start":{"line":6,"column":0},"end":{"line":6,"column":39}},"3":{"start":{"line":7,"column":0},"end":{"line":7,"column":41}},"4":{"start":{"line":11,"column":23},"end":{"line":11,"column":60}},"5":{"start":{"line":32,"column":9},"end":{"line":51,"column":null}},"6":{"start":{"line":34,"column":4},"end":{"line":43,"column":null}},"7":{"start":{"line":35,"column":21},"end":{"line":35,"column":48}},"8":{"start":{"line":36,"column":29},"end":{"line":36,"column":76}},"9":{"start":{"line":37,"column":6},"end":{"line":37,"column":null}},"10":{"start":{"line":39,"column":29},"end":{"line":39,"column":57}},"11":{"start":{"line":40,"column":6},"end":{"line":42,"column":null}},"12":{"start":{"line":44,"column":25},"end":{"line":44,"column":41}},"13":{"start":{"line":45,"column":24},"end":{"line":45,"column":65}},"14":{"start":{"line":46,"column":4},"end":{"line":50,"column":null}},"15":{"start":{"line":47,"column":6},"end":{"line":47,"column":null}},"16":{"start":{"line":49,"column":6},"end":{"line":49,"column":null}},"17":{"start":{"line":53,"column":10},"end":{"line":72,"column":null}},"18":{"start":{"line":54,"column":27},"end":{"line":54,"column":49}},"19":{"start":{"line":55,"column":56},"end":{"line":55,"column":103}},"20":{"start":{"line":56,"column":34},"end":{"line":56,"column":94}},"21":{"start":{"line":57,"column":24},"end":{"line":57,"column":106}},"22":{"start":{"line":59,"column":25},"end":{"line":59,"column":26}},"23":{"start":{"line":61,"column":4},"end":{"line":63,"column":null}},"24":{"start":{"line":62,"column":6},"end":{"line":62,"column":null}},"25":{"start":{"line":65,"column":4},"end":{"line":67,"column":null}},"26":{"start":{"line":66,"column":6},"end":{"line":66,"column":null}},"27":{"start":{"line":69,"column":4},"end":{"line":69,"column":null}},"28":{"start":{"line":71,"column":4},"end":{"line":71,"column":null}},"29":{"start":{"line":14,"column":21},"end":{"line":14,"column":89}},"30":{"start":{"line":14,"column":59},"end":{"line":14,"column":85}},"31":{"start":{"line":15,"column":20},"end":{"line":15,"column":87}},"32":{"start":{"line":15,"column":57},"end":{"line":15,"column":83}},"33":{"start":{"line":17,"column":28},"end":{"line":17,"column":79}},"34":{"start":{"line":19,"column":4},"end":{"line":19,"column":null}},"35":{"start":{"line":19,"column":34},"end":{"line":19,"column":108}},"36":{"start":{"line":20,"column":4},"end":{"line":20,"column":null}},"37":{"start":{"line":20,"column":33},"end":{"line":20,"column":106}},"38":{"start":{"line":22,"column":4},"end":{"line":22,"column":null}},"39":{"start":{"line":26,"column":4},"end":{"line":29,"column":null}},"40":{"start":{"line":27,"column":19},"end":{"line":27,"column":50}},"41":{"start":{"line":28,"column":6},"end":{"line":28,"column":null}},"42":{"start":{"line":10,"column":0},"end":{"line":10,"column":30}}},"fnMap":{"0":{"name":"(anonymous_1)","decl":{"start":{"line":11,"column":2},"end":{"line":11,"column":23}},"loc":{"start":{"line":11,"column":60},"end":{"line":11,"column":64}}},"1":{"name":"(anonymous_2)","decl":{"start":{"line":32,"column":35},"end":{"line":32,"column":36}},"loc":{"start":{"line":32,"column":98},"end":{"line":51,"column":3}}},"2":{"name":"(anonymous_3)","decl":{"start":{"line":53,"column":31},"end":{"line":53,"column":32}},"loc":{"start":{"line":53,"column":100},"end":{"line":72,"column":3}}},"3":{"name":"(anonymous_4)","decl":{"start":{"line":13,"column":9},"end":{"line":13,"column":22}},"loc":{"start":{"line":13,"column":68},"end":{"line":23,"column":3}}},"4":{"name":"(anonymous_5)","decl":{"start":{"line":14,"column":41},"end":{"line":14,"column":42}},"loc":{"start":{"line":14,"column":59},"end":{"line":14,"column":85}}},"5":{"name":"(anonymous_6)","decl":{"start":{"line":15,"column":39},"end":{"line":15,"column":40}},"loc":{"start":{"line":15,"column":57},"end":{"line":15,"column":83}}},"6":{"name":"(anonymous_7)","decl":{"start":{"line":19,"column":25},"end":{"line":19,"column":30}},"loc":{"start":{"line":19,"column":34},"end":{"line":19,"column":108}}},"7":{"name":"(anonymous_8)","decl":{"start":{"line":20,"column":24},"end":{"line":20,"column":29}},"loc":{"start":{"line":20,"column":33},"end":{"line":20,"column":106}}},"8":{"name":"(anonymous_9)","decl":{"start":{"line":25,"column":9},"end":{"line":25,"column":23}},"loc":{"start":{"line":25,"column":94},"end":{"line":30,"column":3}}}},"branchMap":{"0":{"loc":{"start":{"line":34,"column":4},"end":{"line":43,"column":null}},"type":"if","locations":[{"start":{"line":34,"column":4},"end":{"line":43,"column":null}},{"start":{"line":34,"column":4},"end":{"line":43,"column":null}}]},"1":{"loc":{"start":{"line":46,"column":4},"end":{"line":50,"column":null}},"type":"if","locations":[{"start":{"line":46,"column":4},"end":{"line":50,"column":null}},{"start":{"line":46,"column":4},"end":{"line":50,"column":null}}]},"2":{"loc":{"start":{"line":61,"column":4},"end":{"line":63,"column":null}},"type":"if","locations":[{"start":{"line":61,"column":4},"end":{"line":63,"column":null}},{"start":{"line":61,"column":4},"end":{"line":63,"column":null}}]},"3":{"loc":{"start":{"line":65,"column":4},"end":{"line":67,"column":null}},"type":"if","locations":[{"start":{"line":65,"column":4},"end":{"line":67,"column":null}},{"start":{"line":65,"column":4},"end":{"line":67,"column":null}}]}},"s":{"0":2,"1":2,"2":2,"3":2,"4":0,"5":0,"6":0,"7":0,"8":0,"9":0,"10":0,"11":0,"12":0,"13":0,"14":0,"15":0,"16":0,"17":0,"18":0,"19":0,"20":0,"21":0,"22":0,"23":0,"24":0,"25":0,"26":0,"27":0,"28":0,"29":0,"30":0,"31":0,"32":0,"33":0,"34":0,"35":0,"36":0,"37":0,"38":0,"39":0,"40":0,"41":0,"42":2},"f":{"0":0,"1":0,"2":0,"3":0,"4":0,"5":0,"6":0,"7":0,"8":0},"b":{"0":[0,0],"1":[0,0],"2":[0,0],"3":[0,0]}}
,"C:\\Users\\mad\\Desktop\\Web\\GitHub\\kc-calculator\\src\\Battle\\AerialCombat\\CarrierBasedAerialCombat.ts": {"path":"C:\\Users\\mad\\Desktop\\Web\\GitHub\\kc-calculator\\src\\Battle\\AerialCombat\\CarrierBasedAerialCombat.ts","statementMap":{"0":{"start":{"line":1,"column":0},"end":{"line":1,"column":35}},"1":{"start":{"line":6,"column":0},"end":{"line":6,"column":41}},"2":{"start":{"line":7,"column":0},"end":{"line":7,"column":41}},"3":{"start":{"line":17,"column":4},"end":{"line":17,"column":null}},"4":{"start":{"line":19,"column":30},"end":{"line":19,"column":52}},"5":{"start":{"line":21,"column":4},"end":{"line":27,"column":null}},"6":{"start":{"line":22,"column":6},"end":{"line":22,"column":null}},"7":{"start":{"line":23,"column":6},"end":{"line":23,"column":null}},"8":{"start":{"line":25,"column":6},"end":{"line":25,"column":null}},"9":{"start":{"line":26,"column":6},"end":{"line":26,"column":null}},"10":{"start":{"line":31,"column":87},"end":{"line":31,"column":91}},"11":{"start":{"line":33,"column":25},"end":{"line":33,"column":83}},"12":{"start":{"line":33,"column":76},"end":{"line":33,"column":82}},"13":{"start":{"line":35,"column":24},"end":{"line":35,"column":81}},"14":{"start":{"line":35,"column":74},"end":{"line":35,"column":80}},"15":{"start":{"line":37,"column":38},"end":{"line":37,"column":108}},"16":{"start":{"line":37,"column":67},"end":{"line":37,"column":107}},"17":{"start":{"line":38,"column":37},"end":{"line":38,"column":106}},"18":{"start":{"line":38,"column":65},"end":{"line":38,"column":105}},"19":{"start":{"line":41,"column":28},"end":{"line":41,"column":99}},"20":{"start":{"line":44,"column":30},"end":{"line":44,"column":47}},"21":{"start":{"line":45,"column":34},"end":{"line":46,"column":null}},"22":{"start":{"line":46,"column":15},"end":{"line":46,"column":68}},"23":{"start":{"line":48,"column":33},"end":{"line":49,"column":null}},"24":{"start":{"line":49,"column":15},"end":{"line":49,"column":68}},"25":{"start":{"line":52,"column":4},"end":{"line":52,"column":null}},"26":{"start":{"line":53,"column":4},"end":{"line":53,"column":null}},"27":{"start":{"line":55,"column":4},"end":{"line":57,"column":null}},"28":{"start":{"line":12,"column":0},"end":{"line":12,"column":21}}},"fnMap":{"0":{"name":"(anonymous_1)","decl":{"start":{"line":16,"column":2},"end":{"line":16,"column":14}},"loc":{"start":{"line":16,"column":51},"end":{"line":28,"column":3}}},"1":{"name":"(anonymous_2)","decl":{"start":{"line":30,"column":9},"end":{"line":30,"column":13}},"loc":{"start":{"line":30,"column":13},"end":{"line":58,"column":3}}},"2":{"name":"(anonymous_3)","decl":{"start":{"line":33,"column":60},"end":{"line":33,"column":61}},"loc":{"start":{"line":33,"column":76},"end":{"line":33,"column":82}}},"3":{"name":"(anonymous_4)","decl":{"start":{"line":35,"column":58},"end":{"line":35,"column":59}},"loc":{"start":{"line":35,"column":74},"end":{"line":35,"column":80}}},"4":{"name":"(anonymous_5)","decl":{"start":{"line":37,"column":58},"end":{"line":37,"column":63}},"loc":{"start":{"line":37,"column":67},"end":{"line":37,"column":107}}},"5":{"name":"(anonymous_6)","decl":{"start":{"line":38,"column":56},"end":{"line":38,"column":61}},"loc":{"start":{"line":38,"column":65},"end":{"line":38,"column":105}}},"6":{"name":"(anonymous_7)","decl":{"start":{"line":46,"column":6},"end":{"line":46,"column":11}},"loc":{"start":{"line":46,"column":15},"end":{"line":46,"column":68}}},"7":{"name":"(anonymous_8)","decl":{"start":{"line":49,"column":6},"end":{"line":49,"column":11}},"loc":{"start":{"line":49,"column":15},"end":{"line":49,"column":68}}}},"branchMap":{"0":{"loc":{"start":{"line":21,"column":4},"end":{"line":27,"column":null}},"type":"if","locations":[{"start":{"line":21,"column":4},"end":{"line":27,"column":null}},{"start":{"line":21,"column":4},"end":{"line":27,"column":null}}]},"1":{"loc":{"start":{"line":21,"column":8},"end":{"line":21,"column":30}},"type":"binary-expr","locations":[{"start":{"line":21,"column":8},"end":{"line":21,"column":30}},{"start":{"line":21,"column":34},"end":{"line":21,"column":55}}]},"2":{"loc":{"start":{"line":46,"column":15},"end":{"line":46,"column":33}},"type":"binary-expr","locations":[{"start":{"line":46,"column":15},"end":{"line":46,"column":33}},{"start":{"line":46,"column":37},"end":{"line":46,"column":68}}]},"3":{"loc":{"start":{"line":49,"column":15},"end":{"line":49,"column":33}},"type":"binary-expr","locations":[{"start":{"line":49,"column":15},"end":{"line":49,"column":33}},{"start":{"line":49,"column":37},"end":{"line":49,"column":68}}]}},"s":{"0":2,"1":2,"2":2,"3":0,"4":0,"5":0,"6":0,"7":0,"8":0,"9":0,"10":0,"11":0,"12":0,"13":0,"14":0,"15":0,"16":0,"17":0,"18":0,"19":0,"20":0,"21":0,"22":0,"23":0,"24":0,"25":0,"26":0,"27":0,"28":2},"f":{"0":0,"1":0,"2":0,"3":0,"4":0,"5":0,"6":0,"7":0},"b":{"0":[0,0],"1":[0,0],"2":[0,0],"3":[0,0]}}
,"C:\\Users\\mad\\Desktop\\Web\\GitHub\\kc-calculator\\src\\Battle\\AerialCombat\\FleetAntiAir.ts": {"path":"C:\\Users\\mad\\Desktop\\Web\\GitHub\\kc-calculator\\src\\Battle\\AerialCombat\\FleetAntiAir.ts","statementMap":{"0":{"start":{"line":2,"column":0},"end":{"line":2,"column":61}},"1":{"start":{"line":3,"column":0},"end":{"line":3,"column":33}},"2":{"start":{"line":5,"column":13},"end":{"line":24,"column":null}},"3":{"start":{"line":6,"column":69},"end":{"line":6,"column":73}},"4":{"start":{"line":7,"column":2},"end":{"line":9,"column":null}},"5":{"start":{"line":8,"column":4},"end":{"line":8,"column":null}},"6":{"start":{"line":11,"column":19},"end":{"line":11,"column":20}},"7":{"start":{"line":12,"column":2},"end":{"line":22,"column":null}},"8":{"start":{"line":13,"column":4},"end":{"line":13,"column":null}},"9":{"start":{"line":14,"column":9},"end":{"line":22,"column":null}},"10":{"start":{"line":15,"column":4},"end":{"line":15,"column":null}},"11":{"start":{"line":16,"column":9},"end":{"line":22,"column":null}},"12":{"start":{"line":17,"column":4},"end":{"line":17,"column":null}},"13":{"start":{"line":18,"column":9},"end":{"line":22,"column":null}},"14":{"start":{"line":19,"column":4},"end":{"line":19,"column":null}},"15":{"start":{"line":21,"column":4},"end":{"line":21,"column":null}},"16":{"start":{"line":23,"column":2},"end":{"line":23,"column":null}},"17":{"start":{"line":26,"column":13},"end":{"line":26,"column":null}},"18":{"start":{"line":26,"column":49},"end":{"line":26,"column":103}},"19":{"start":{"line":28,"column":13},"end":{"line":37,"column":null}},"20":{"start":{"line":29,"column":29},"end":{"line":29,"column":34}},"21":{"start":{"line":30,"column":32},"end":{"line":30,"column":64}},"22":{"start":{"line":31,"column":20},"end":{"line":31,"column":77}},"23":{"start":{"line":33,"column":2},"end":{"line":35,"column":null}},"24":{"start":{"line":34,"column":4},"end":{"line":34,"column":null}},"25":{"start":{"line":36,"column":2},"end":{"line":36,"column":null}},"26":{"start":{"line":52,"column":22},"end":{"line":52,"column":36}},"27":{"start":{"line":52,"column":46},"end":{"line":52,"column":56}},"28":{"start":{"line":52,"column":66},"end":{"line":52,"column":91}},"29":{"start":{"line":55,"column":47},"end":{"line":55,"column":51}},"30":{"start":{"line":56,"column":34},"end":{"line":56,"column":64}},"31":{"start":{"line":57,"column":22},"end":{"line":57,"column":79}},"32":{"start":{"line":59,"column":4},"end":{"line":61,"column":null}},"33":{"start":{"line":60,"column":6},"end":{"line":60,"column":null}},"34":{"start":{"line":62,"column":4},"end":{"line":62,"column":null}},"35":{"start":{"line":40,"column":16},"end":{"line":48,"column":null}},"36":{"start":{"line":41,"column":4},"end":{"line":43,"column":null}},"37":{"start":{"line":42,"column":6},"end":{"line":42,"column":null}},"38":{"start":{"line":44,"column":4},"end":{"line":46,"column":null}},"39":{"start":{"line":45,"column":6},"end":{"line":45,"column":null}},"40":{"start":{"line":47,"column":4},"end":{"line":47,"column":null}},"41":{"start":{"line":50,"column":16},"end":{"line":50,"column":null}},"42":{"start":{"line":39,"column":0},"end":{"line":39,"column":21}}},"fnMap":{"0":{"name":"(anonymous_0)","decl":{"start":{"line":5,"column":32},"end":{"line":5,"column":33}},"loc":{"start":{"line":5,"column":48},"end":{"line":24,"column":1}}},"1":{"name":"(anonymous_1)","decl":{"start":{"line":26,"column":32},"end":{"line":26,"column":33}},"loc":{"start":{"line":26,"column":49},"end":{"line":26,"column":103}}},"2":{"name":"(anonymous_2)","decl":{"start":{"line":28,"column":32},"end":{"line":28,"column":33}},"loc":{"start":{"line":28,"column":89},"end":{"line":37,"column":1}}},"3":{"name":"(anonymous_3)","decl":{"start":{"line":52,"column":2},"end":{"line":52,"column":22}},"loc":{"start":{"line":52,"column":91},"end":{"line":52,"column":95}}},"4":{"name":"(anonymous_4)","decl":{"start":{"line":54,"column":2},"end":{"line":54,"column":6}},"loc":{"start":{"line":54,"column":18},"end":{"line":63,"column":3}}},"5":{"name":"(anonymous_5)","decl":{"start":{"line":40,"column":43},"end":{"line":40,"column":44}},"loc":{"start":{"line":40,"column":92},"end":{"line":48,"column":3}}}},"branchMap":{"0":{"loc":{"start":{"line":7,"column":2},"end":{"line":9,"column":null}},"type":"if","locations":[{"start":{"line":7,"column":2},"end":{"line":9,"column":null}},{"start":{"line":7,"column":2},"end":{"line":9,"column":null}}]},"1":{"loc":{"start":{"line":12,"column":2},"end":{"line":22,"column":null}},"type":"if","locations":[{"start":{"line":12,"column":2},"end":{"line":22,"column":null}},{"start":{"line":12,"column":2},"end":{"line":22,"column":null}}]},"2":{"loc":{"start":{"line":12,"column":6},"end":{"line":12,"column":45}},"type":"binary-expr","locations":[{"start":{"line":12,"column":6},"end":{"line":12,"column":45}},{"start":{"line":12,"column":49},"end":{"line":12,"column":65}}]},"3":{"loc":{"start":{"line":14,"column":9},"end":{"line":22,"column":null}},"type":"if","locations":[{"start":{"line":14,"column":9},"end":{"line":22,"column":null}},{"start":{"line":14,"column":9},"end":{"line":22,"column":null}}]},"4":{"loc":{"start":{"line":16,"column":9},"end":{"line":22,"column":null}},"type":"if","locations":[{"start":{"line":16,"column":9},"end":{"line":22,"column":null}},{"start":{"line":16,"column":9},"end":{"line":22,"column":null}}]},"5":{"loc":{"start":{"line":18,"column":9},"end":{"line":22,"column":null}},"type":"if","locations":[{"start":{"line":18,"column":9},"end":{"line":22,"column":null}},{"start":{"line":18,"column":9},"end":{"line":22,"column":null}}]},"6":{"loc":{"start":{"line":33,"column":2},"end":{"line":35,"column":null}},"type":"if","locations":[{"start":{"line":33,"column":2},"end":{"line":35,"column":null}},{"start":{"line":33,"column":2},"end":{"line":35,"column":null}}]},"7":{"loc":{"start":{"line":59,"column":4},"end":{"line":61,"column":null}},"type":"if","locations":[{"start":{"line":59,"column":4},"end":{"line":61,"column":null}},{"start":{"line":59,"column":4},"end":{"line":61,"column":null}}]},"8":{"loc":{"start":{"line":41,"column":4},"end":{"line":43,"column":null}},"type":"if","locations":[{"start":{"line":41,"column":4},"end":{"line":43,"column":null}},{"start":{"line":41,"column":4},"end":{"line":43,"column":null}}]},"9":{"loc":{"start":{"line":44,"column":4},"end":{"line":46,"column":null}},"type":"if","locations":[{"start":{"line":44,"column":4},"end":{"line":46,"column":null}},{"start":{"line":44,"column":4},"end":{"line":46,"column":null}}]}},"s":{"0":2,"1":2,"2":2,"3":0,"4":0,"5":0,"6":0,"7":0,"8":0,"9":0,"10":0,"11":0,"12":0,"13":0,"14":0,"15":0,"16":0,"17":2,"18":0,"19":2,"20":0,"21":0,"22":0,"23":0,"24":0,"25":0,"26":0,"27":0,"28":0,"29":0,"30":0,"31":0,"32":0,"33":0,"34":0,"35":2,"36":0,"37":0,"38":0,"39":0,"40":0,"41":2,"42":2},"f":{"0":0,"1":0,"2":0,"3":0,"4":0,"5":0},"b":{"0":[0,0],"1":[0,0],"2":[0,0],"3":[0,0],"4":[0,0],"5":[0,0],"6":[0,0],"7":[0,0],"8":[0,0],"9":[0,0]}}
,"C:\\Users\\mad\\Desktop\\Web\\GitHub\\kc-calculator\\src\\Battle\\AerialCombat\\LandBaseAerialSupport.ts": {"path":"C:\\Users\\mad\\Desktop\\Web\\GitHub\\kc-calculator\\src\\Battle\\AerialCombat\\LandBaseAerialSupport.ts","statementMap":{"0":{"start":{"line":1,"column":0},"end":{"line":1,"column":35}},"1":{"start":{"line":3,"column":0},"end":{"line":3,"column":55}},"2":{"start":{"line":7,"column":0},"end":{"line":7,"column":41}},"3":{"start":{"line":11,"column":4},"end":{"line":11,"column":null}},"4":{"start":{"line":10,"column":70},"end":{"line":10,"column":107}},"5":{"start":{"line":15,"column":22},"end":{"line":15,"column":44}},"6":{"start":{"line":18,"column":61},"end":{"line":18,"column":83}},"7":{"start":{"line":20,"column":24},"end":{"line":20,"column":71}},"8":{"start":{"line":20,"column":64},"end":{"line":20,"column":70}},"9":{"start":{"line":21,"column":20},"end":{"line":21,"column":87}},"10":{"start":{"line":21,"column":57},"end":{"line":21,"column":83}},"11":{"start":{"line":23,"column":28},"end":{"line":23,"column":79}},"12":{"start":{"line":25,"column":4},"end":{"line":25,"column":null}},"13":{"start":{"line":25,"column":34},"end":{"line":25,"column":108}},"14":{"start":{"line":26,"column":4},"end":{"line":26,"column":null}},"15":{"start":{"line":26,"column":33},"end":{"line":26,"column":106}},"16":{"start":{"line":29,"column":34},"end":{"line":29,"column":117}},"17":{"start":{"line":29,"column":63},"end":{"line":29,"column":116}},"18":{"start":{"line":30,"column":4},"end":{"line":30,"column":null}},"19":{"start":{"line":32,"column":4},"end":{"line":34,"column":null}},"20":{"start":{"line":9,"column":0},"end":{"line":9,"column":21}}},"fnMap":{"0":{"name":"(anonymous_1)","decl":{"start":{"line":10,"column":2},"end":{"line":10,"column":14}},"loc":{"start":{"line":10,"column":107},"end":{"line":12,"column":3}}},"1":{"name":"(anonymous_2)","decl":{"start":{"line":14,"column":9},"end":{"line":14,"column":13}},"loc":{"start":{"line":14,"column":13},"end":{"line":35,"column":3}}},"2":{"name":"(anonymous_3)","decl":{"start":{"line":20,"column":48},"end":{"line":20,"column":49}},"loc":{"start":{"line":20,"column":64},"end":{"line":20,"column":70}}},"3":{"name":"(anonymous_4)","decl":{"start":{"line":21,"column":39},"end":{"line":21,"column":40}},"loc":{"start":{"line":21,"column":57},"end":{"line":21,"column":83}}},"4":{"name":"(anonymous_5)","decl":{"start":{"line":25,"column":25},"end":{"line":25,"column":30}},"loc":{"start":{"line":25,"column":34},"end":{"line":25,"column":108}}},"5":{"name":"(anonymous_6)","decl":{"start":{"line":26,"column":24},"end":{"line":26,"column":29}},"loc":{"start":{"line":26,"column":33},"end":{"line":26,"column":106}}},"6":{"name":"(anonymous_7)","decl":{"start":{"line":29,"column":54},"end":{"line":29,"column":59}},"loc":{"start":{"line":29,"column":63},"end":{"line":29,"column":116}}}},"branchMap":{"0":{"loc":{"start":{"line":29,"column":63},"end":{"line":29,"column":81}},"type":"binary-expr","locations":[{"start":{"line":29,"column":63},"end":{"line":29,"column":81}},{"start":{"line":29,"column":85},"end":{"line":29,"column":116}}]}},"s":{"0":2,"1":2,"2":2,"3":0,"4":0,"5":0,"6":0,"7":0,"8":0,"9":0,"10":0,"11":0,"12":0,"13":0,"14":0,"15":0,"16":0,"17":0,"18":0,"19":0,"20":2},"f":{"0":0,"1":0,"2":0,"3":0,"4":0,"5":0,"6":0},"b":{"0":[0,0]}}
,"C:\\Users\\mad\\Desktop\\Web\\GitHub\\kc-calculator\\src\\Battle\\AerialCombat\\ShipAntiAir.ts": {"path":"C:\\Users\\mad\\Desktop\\Web\\GitHub\\kc-calculator\\src\\Battle\\AerialCombat\\ShipAntiAir.ts","statementMap":{"0":{"start":{"line":2,"column":0},"end":{"line":2,"column":38}},"1":{"start":{"line":6,"column":13},"end":{"line":21,"column":null}},"2":{"start":{"line":7,"column":63},"end":{"line":7,"column":67}},"3":{"start":{"line":8,"column":2},"end":{"line":10,"column":null}},"4":{"start":{"line":9,"column":4},"end":{"line":9,"column":null}},"5":{"start":{"line":12,"column":19},"end":{"line":12,"column":20}},"6":{"start":{"line":13,"column":2},"end":{"line":19,"column":null}},"7":{"start":{"line":14,"column":4},"end":{"line":14,"column":null}},"8":{"start":{"line":15,"column":9},"end":{"line":19,"column":null}},"9":{"start":{"line":16,"column":4},"end":{"line":16,"column":null}},"10":{"start":{"line":17,"column":9},"end":{"line":19,"column":null}},"11":{"start":{"line":18,"column":4},"end":{"line":18,"column":null}},"12":{"start":{"line":20,"column":2},"end":{"line":20,"column":null}},"13":{"start":{"line":23,"column":13},"end":{"line":36,"column":null}},"14":{"start":{"line":24,"column":53},"end":{"line":24,"column":57}},"15":{"start":{"line":26,"column":31},"end":{"line":26,"column":75}},"16":{"start":{"line":27,"column":2},"end":{"line":29,"column":null}},"17":{"start":{"line":28,"column":4},"end":{"line":28,"column":null}},"18":{"start":{"line":31,"column":19},"end":{"line":31,"column":60}},"19":{"start":{"line":32,"column":2},"end":{"line":34,"column":null}},"20":{"start":{"line":33,"column":4},"end":{"line":33,"column":null}},"21":{"start":{"line":35,"column":2},"end":{"line":35,"column":null}},"22":{"start":{"line":38,"column":36},"end":{"line":39,"column":103}},"23":{"start":{"line":39,"column":2},"end":{"line":39,"column":103}},"24":{"start":{"line":43,"column":12},"end":{"line":43,"column":23}},"25":{"start":{"line":44,"column":12},"end":{"line":44,"column":22}},"26":{"start":{"line":45,"column":12},"end":{"line":45,"column":32}},"27":{"start":{"line":46,"column":12},"end":{"line":46,"column":36}},"28":{"start":{"line":47,"column":12},"end":{"line":47,"column":39}},"29":{"start":{"line":55,"column":9},"end":{"line":58,"column":null}},"30":{"start":{"line":56,"column":55},"end":{"line":56,"column":59}},"31":{"start":{"line":57,"column":4},"end":{"line":57,"column":null}},"32":{"start":{"line":60,"column":9},"end":{"line":74,"column":null}},"33":{"start":{"line":61,"column":89},"end":{"line":61,"column":93}},"34":{"start":{"line":63,"column":20},"end":{"line":63,"column":53}},"35":{"start":{"line":65,"column":6},"end":{"line":69,"column":27}},"36":{"start":{"line":70,"column":4},"end":{"line":72,"column":null}},"37":{"start":{"line":71,"column":6},"end":{"line":71,"column":null}},"38":{"start":{"line":73,"column":4},"end":{"line":73,"column":null}},"39":{"start":{"line":51,"column":27},"end":{"line":51,"column":31}},"40":{"start":{"line":52,"column":4},"end":{"line":52,"column":null}},"41":{"start":{"line":77,"column":35},"end":{"line":77,"column":39}},"42":{"start":{"line":78,"column":4},"end":{"line":80,"column":null}},"43":{"start":{"line":79,"column":6},"end":{"line":79,"column":null}},"44":{"start":{"line":81,"column":4},"end":{"line":81,"column":null}},"45":{"start":{"line":85,"column":38},"end":{"line":85,"column":42}},"46":{"start":{"line":86,"column":25},"end":{"line":86,"column":29}},"47":{"start":{"line":87,"column":4},"end":{"line":89,"column":null}},"48":{"start":{"line":88,"column":6},"end":{"line":88,"column":null}},"49":{"start":{"line":90,"column":18},"end":{"line":90,"column":37}},"50":{"start":{"line":91,"column":4},"end":{"line":93,"column":null}},"51":{"start":{"line":92,"column":6},"end":{"line":92,"column":null}},"52":{"start":{"l
[...]
,"C:\\Users\\mad\\Desktop\\Web\\GitHub\\kc-calculator\\src\\objects\\Ship\\ExplicitStatsBonus\\電探\\SGRadar(InitialModel).ts": {"path":"C:\\Users\\mad\\Desktop\\Web\\GitHub\\kc-calculator\\src\\objects\\Ship\\ExplicitStatsBonus\\電探\\SGRadar(InitialModel).ts","statementMap":{"0":{"start":{"line":1,"column":0},"end":{"line":1,"column":61}},"1":{"start":{"line":3,"column":40},"end":{"line":22,"column":1}},"2":{"start":{"line":5,"column":21},"end":{"line":5,"column":40}},"3":{"start":{"line":6,"column":2},"end":{"line":8,"column":null}},"4":{"start":{"line":7,"column":4},"end":{"line":7,"column":null}},"5":{"start":{"line":9,"column":16},"end":{"line":9,"column":32}},"6":{"start":{"line":11,"column":24},"end":{"line":11,"column":28}},"7":{"start":{"line":14,"column":2},"end":{"line":19,"column":null}},"8":{"start":{"line":15,"column":4},"end":{"line":15,"column":null}},"9":{"start":{"line":16,"column":4},"end":{"line":16,"column":null}},"10":{"start":{"line":17,"column":9},"end":{"line":19,"column":null}},"11":{"start":{"line":18,"column":4},"end":{"line":18,"column":null}},"12":{"start":{"line":21,"column":2},"end":{"line":21,"column":null}},"13":{"start":{"line":24,"column":0},"end":{"line":24,"column":null}}},"fnMap":{"0":{"name":"(anonymous_1)","decl":{"start":{"line":3,"column":40},"end":{"line":3,"column":44}},"loc":{"start":{"line":3,"column":47},"end":{"line":22,"column":1}}}},"branchMap":{"0":{"loc":{"start":{"line":6,"column":2},"end":{"line":8,"column":null}},"type":"if","locations":[{"start":{"line":6,"column":2},"end":{"line":8,"column":null}},{"start":{"line":6,"column":2},"end":{"line":8,"column":null}}]},"1":{"loc":{"start":{"line":14,"column":2},"end":{"line":19,"column":null}},"type":"if","locations":[{"start":{"line":14,"column":2},"end":{"line":19,"column":null}},{"start":{"line":14,"column":2},"end":{"line":19,"column":null}}]},"2":{"loc":{"start":{"line":17,"column":9},"end":{"line":19,"column":null}},"type":"if","locations":[{"start":{"line":17,"column":9},"end":{"line":19,"column":null}},{"start":{"line":17,"column":9},"end":{"line":19,"column":null}}]}},"s":{"0":2,"1":2,"2":0,"3":0,"4":0,"5":0,"6":0,"7":0,"8":0,"9":0,"10":0,"11":0,"12":0,"13":2},"f":{"0":0},"b":{"0":[0,0],"1":[0,0],"2":[0,0]}}
,"C:\\Users\\mad\\Desktop\\Web\\GitHub\\kc-calculator\\src\\objects\\Ship\\ExplicitStatsBonus\\電探\\Type13AirRadarKai.ts": {"path":"C:\\Users\\mad\\Desktop\\Web\\GitHub\\kc-calculator\\src\\objects\\Ship\\ExplicitStatsBonus\\電探\\Type13AirRadarKai.ts","statementMap":{"0":{"start":{"line":1,"column":0},"end":{"line":1,"column":61}},"1":{"start":{"line":4,"column":40},"end":{"line":40,"column":1}},"2":{"start":{"line":5,"column":16},"end":{"line":5,"column":35}},"3":{"start":{"line":6,"column":2},"end":{"line":8,"column":null}},"4":{"start":{"line":7,"column":4},"end":{"line":7,"column":null}},"5":{"start":{"line":9,"column":16},"end":{"line":9,"column":32}},"6":{"start":{"line":11,"column":21},"end":{"line":12,"column":86}},"7":{"start":{"line":12,"column":4},"end":{"line":12,"column":86}},"8":{"start":{"line":12,"column":53},"end":{"line":12,"column":65}},"9":{"start":{"line":15,"column":2},"end":{"line":37,"column":null}},"10":{"start":{"line":16,"column":4},"end":{"line":22,"column":null}},"11":{"start":{"line":23,"column":9},"end":{"line":37,"column":null}},"12":{"start":{"line":24,"column":4},"end":{"line":29,"column":null}},"13":{"start":{"line":30,"column":9},"end":{"line":37,"column":null}},"14":{"start":{"line":31,"column":4},"end":{"line":36,"column":null}},"15":{"start":{"line":39,"column":2},"end":{"line":39,"column":null}},"16":{"start":{"line":42,"column":0},"end":{"line":42,"column":null}}},"fnMap":{"0":{"name":"(anonymous_1)","decl":{"start":{"line":4,"column":40},"end":{"line":4,"column":44}},"loc":{"start":{"line":4,"column":47},"end":{"line":40,"column":1}}},"1":{"name":"(anonymous_2)","decl":{"start":{"line":11,"column":21},"end":{"line":11,"column":22}},"loc":{"start":{"line":12,"column":4},"end":{"line":12,"column":86}}},"2":{"name":"(anonymous_3)","decl":{"start":{"line":12,"column":44},"end":{"line":12,"column":49}},"loc":{"start":{"line":12,"column":53},"end":{"line":12,"column":65}}}},"branchMap":{"0":{"loc":{"start":{"line":6,"column":2},"end":{"line":8,"column":null}},"type":"if","locations":[{"start":{"line":6,"column":2},"end":{"line":8,"column":null}},{"start":{"line":6,"column":2},"end":{"line":8,"column":null}}]},"1":{"loc":{"start":{"line":15,"column":2},"end":{"line":37,"column":null}},"type":"if","locations":[{"start":{"line":15,"column":2},"end":{"line":37,"column":null}},{"start":{"line":15,"column":2},"end":{"line":37,"column":null}}]},"2":{"loc":{"start":{"line":15,"column":6},"end":{"line":15,"column":40}},"type":"binary-expr","locations":[{"start":{"line":15,"column":6},"end":{"line":15,"column":40}},{"start":{"line":15,"column":44},"end":{"line":15,"column":80}}]},"3":{"loc":{"start":{"line":23,"column":9},"end":{"line":37,"column":null}},"type":"if","locations":[{"start":{"line":23,"column":9},"end":{"line":37,"column":null}},{"start":{"line":23,"column":9},"end":{"line":37,"column":null}}]},"4":{"loc":{"start":{"line":30,"column":9},"end":{"line":37,"column":null}},"type":"if","locations":[{"start":{"line":30,"column":9},"end":{"line":37,"column":null}},{"start":{"line":30,"column":9},"end":{"line":37,"column":null}}]},"5":{"loc":{"start":{"line":30,"column":13},"end":{"line":30,"column":47}},"type":"binary-expr","locations":[{"start":{"line":30,"column":13},"end":{"line":30,"column":47}},{"start":{"line":30,"column":51},"end":{"line":30,"column":72}}]}},"s":{"0":2,"1":2,"2":0,"3":0,"4":0,"5":0,"6":0,"7":0,"8":0,"9":0,"10":0,"11":0,"12":0,"13":0,"14":0,"15":0,"16":2},"f":{"0":0,"1":0,"2":0},"b":{"0":[0,0],"1":[0,0],"2":[0,0],"3":[0,0],"4":[0,0],"5":[0,0]}}
,"C:\\Users\\mad\\Desktop\\Web\\GitHub\\kc-calculator\\src\\objects\\Ship\\ExplicitStatsBonus\\電探\\index.ts": {"path":"C:\\Users\\mad\\Desktop\\Web\\GitHub\\kc-calculator\\src\\objects\\Ship\\ExplicitStatsBonus\\電探\\index.ts","statementMap":{"0":{"start":{"line":1,"column":0},"end":{"line":1,"column":35}},"1":{"start":{"line":2,"column":0},"end":{"line":2,"column":45}},"2":{"start":{"line":3,"column":0},"end":{"line":3,"column":56}},"3":{"start":{"line":5,"column":0},"end":{"line":5,"column":null}}},"fnMap":{},"branchMap":{},"s":{"0":2,"1":2,"2":2,"3":2},"f":{},"b":{}}
,"C:\\Users\\mad\\Desktop\\Web\\GitHub\\kc-calculator\\src\\utils\\index.ts": {"path":"C:\\Users\\mad\\Desktop\\Web\\GitHub\\kc-calculator\\src\\utils\\index.ts","statementMap":{"0":{"start":{"line":2,"column":0},"end":{"line":2,"column":49}},"1":{"start":{"line":4,"column":13},"end":{"line":4,"column":null}},"2":{"start":{"line":4,"column":69},"end":{"line":4,"column":104}},"3":{"start":{"line":5,"column":13},"end":{"line":5,"column":null}},"4":{"start":{"line":7,"column":13},"end":{"line":12,"column":null}},"5":{"start":{"line":8,"column":2},"end":{"line":11,"column":null}},"6":{"start":{"line":9,"column":18},"end":{"line":9,"column":29}},"7":{"start":{"line":10,"column":4},"end":{"line":10,"column":null}},"8":{"start":{"line":14,"column":13},"end":{"line":24,"column":null}},"9":{"start":{"line":15,"column":2},"end":{"line":22,"column":null}},"10":{"start":{"line":16,"column":4},"end":{"line":21,"column":null}},"11":{"start":{"line":17,"column":20},"end":{"line":17,"column":31}},"12":{"start":{"line":18,"column":6},"end":{"line":20,"column":null}},"13":{"start":{"line":19,"column":8},"end":{"line":19,"column":null}},"14":{"start":{"line":23,"column":2},"end":{"line":23,"column":null}},"15":{"start":{"line":26,"column":13},"end":{"line":26,"column":null}},"16":{"start":{"line":26,"column":56},"end":{"line":26,"column":107}},"17":{"start":{"line":28,"column":13},"end":{"line":28,"column":null}},"18":{"start":{"line":28,"column":47},"end":{"line":28,"column":65}},"19":{"start":{"line":30,"column":13},"end":{"line":30,"column":null}},"20":{"start":{"line":30,"column":48},"end":{"line":30,"column":77}},"21":{"start":{"line":32,"column":13},"end":{"line":37,"column":null}},"22":{"start":{"line":33,"column":20},"end":{"line":33,"column":31}},"23":{"start":{"line":34,"column":20},"end":{"line":34,"column":30}},"24":{"start":{"line":35,"column":23},"end":{"line":35,"column":119}},"25":{"start":{"line":35,"column":80},"end":{"line":35,"column":117}},"26":{"start":{"line":36,"column":2},"end":{"line":36,"column":null}}},"fnMap":{"0":{"name":"(anonymous_1)","decl":{"start":{"line":4,"column":29},"end":{"line":4,"column":33}},"loc":{"start":{"line":4,"column":69},"end":{"line":4,"column":104}}},"1":{"name":"(anonymous_2)","decl":{"start":{"line":7,"column":29},"end":{"line":7,"column":52}},"loc":{"start":{"line":7,"column":96},"end":{"line":12,"column":1}}},"2":{"name":"(anonymous_3)","decl":{"start":{"line":14,"column":21},"end":{"line":14,"column":25}},"loc":{"start":{"line":14,"column":69},"end":{"line":24,"column":1}}},"3":{"name":"(anonymous_4)","decl":{"start":{"line":26,"column":23},"end":{"line":26,"column":24}},"loc":{"start":{"line":26,"column":56},"end":{"line":26,"column":107}}},"4":{"name":"(anonymous_5)","decl":{"start":{"line":28,"column":29},"end":{"line":28,"column":30}},"loc":{"start":{"line":28,"column":47},"end":{"line":28,"column":65}}},"5":{"name":"(anonymous_6)","decl":{"start":{"line":30,"column":30},"end":{"line":30,"column":31}},"loc":{"start":{"line":30,"column":48},"end":{"line":30,"column":77}}},"6":{"name":"(anonymous_7)","decl":{"start":{"line":32,"column":31},"end":{"line":32,"column":32}},"loc":{"start":{"line":32,"column":47},"end":{"line":37,"column":1}}},"7":{"name":"(anonymous_8)","decl":{"start":{"line":35,"column":72},"end":{"line":35,"column":76}},"loc":{"start":{"line":35,"column":80},"end":{"line":35,"column":117}}}},"branchMap":{"0":{"loc":{"start":{"line":4,"column":69},"end":{"line":4,"column":87}},"type":"binary-expr","locations":[{"start":{"line":4,"column":69},"end":{"line":4,"column":87}},{"start":{"line":4,"column":91},"end":{"line":4,"column":104}}]},"1":{"loc":{"start":{"line":18,"column":6},"end":{"line":20,"column":null}},"type":"if","locations":[{"start":{"line":18,"column":6},"end":{"line":20,"column":null}},{"start":{"line":18,"column":6},"end":{"line":20,"column":null}}]},"2":{"loc":{"start":{"line":26,"column":71},"end":{"line":26,"column":76}},"type":"cond-expr","locations":[{"start":{"line":26,"column":71},"end":{"line":26,"column":76}},{"start":{"line":26,"column":79},"end":{"line":26,"column":107}}]}},"s":{"0":4,"1":4,"2":6,"3":4,"4":4,"5":0,"6":0,"7":0,"8":4,"9":2,"10":2,"11":4,"12":4,"13":3,"14":2,"15":4,"16":2,"17":4,"18":2,"19":4,"20":4,"21":4,"22":0,"23":0,"24":0,"25":0,"26":0},"f":{"0":6,"1":0,"2":2,"3":2,"4":2,"5":4,"6":0,"7":0},"b":{"0":[6,5],"1":[3,1],"2":[1,1]}}
,"C:\\Users\\mad\\Desktop\\Web\\GitHub\\kc-calculator\\src\\utils\\isMatch.ts": {"path":"C:\\Users\\mad\\Desktop\\Web\\GitHub\\kc-calculator\\src\\utils\\isMatch.ts","statementMap":{"0":{"start":{"line":1,"column":0},"end":{"line":1,"column":58}},"1":{"start":{"line":3,"column":13},"end":{"line":3,"column":null}},"2":{"start":{"line":3,"column":69},"end":{"line":3,"column":104}},"3":{"start":{"line":41,"column":13},"end":{"line":46,"column":null}},"4":{"start":{"line":42,"column":2},"end":{"line":44,"column":null}},"5":{"start":{"line":43,"column":4},"end":{"line":43,"column":null}},"6":{"start":{"line":45,"column":2},"end":{"line":45,"column":null}},"7":{"start":{"line":48,"column":13},"end":{"line":65,"column":null}},"8":{"start":{"line":49,"column":2},"end":{"line":51,"column":null}},"9":{"start":{"line":50,"column":4},"end":{"line":50,"column":null}},"10":{"start":{"line":52,"column":2},"end":{"line":54,"column":null}},"11":{"start":{"line":53,"column":4},"end":{"line":53,"column":null}},"12":{"start":{"line":56,"column":45},"end":{"line":56,"column":54}},"13":{"start":{"line":58,"column":2},"end":{"line":64,"column":null}},"14":{"start":{"line":67,"column":13},"end":{"line":95,"column":null}},"15":{"start":{"line":68,"column":2},"end":{"line":81,"column":null}},"16":{"start":{"line":69,"column":4},"end":{"line":71,"column":null}},"17":{"start":{"line":70,"column":6},"end":{"line":70,"column":null}},"18":{"start":{"line":70,"column":42},"end":{"line":70,"column":62}},"19":{"start":{"line":72,"column":4},"end":{"line":74,"column":null}},"20":{"start":{"line":73,"column":6},"end":{"line":73,"column":null}},"21":{"start":{"line":73,"column":40},"end":{"line":73,"column":60}},"22":{"start":{"line":75,"column":4},"end":{"line":77,"column":null}},"23":{"start":{"line":76,"column":6},"end":{"line":76,"column":null}},"24":{"start":{"line":78,"column":4},"end":{"line":80,"column":null}},"25":{"start":{"line":79,"column":6},"end":{"line":79,"column":null}},"26":{"start":{"line":83,"column":2},"end":{"line":85,"column":null}},"27":{"start":{"line":84,"column":4},"end":{"line":84,"column":null}},"28":{"start":{"line":87,"column":2},"end":{"line":89,"column":null}},"29":{"start":{"line":88,"column":4},"end":{"line":88,"column":null}},"30":{"start":{"line":90,"column":2},"end":{"line":92,"column":null}},"31":{"start":{"line":91,"column":4},"end":{"line":91,"column":null}},"32":{"start":{"line":94,"column":2},"end":{"line":94,"column":null}}},"fnMap":{"0":{"name":"(anonymous_0)","decl":{"start":{"line":3,"column":29},"end":{"line":3,"column":33}},"loc":{"start":{"line":3,"column":69},"end":{"line":3,"column":104}}},"1":{"name":"(anonymous_1)","decl":{"start":{"line":41,"column":27},"end":{"line":41,"column":46}},"loc":{"start":{"line":41,"column":89},"end":{"line":46,"column":1}}},"2":{"name":"(anonymous_2)","decl":{"start":{"line":48,"column":27},"end":{"line":48,"column":46}},"loc":{"start":{"line":48,"column":89},"end":{"line":65,"column":1}}},"3":{"name":"(anonymous_3)","decl":{"start":{"line":67,"column":23},"end":{"line":67,"column":27}},"loc":{"start":{"line":67,"column":73},"end":{"line":95,"column":1}}},"4":{"name":"(anonymous_4)","decl":{"start":{"line":70,"column":34},"end":{"line":70,"column":38}},"loc":{"start":{"line":70,"column":42},"end":{"line":70,"column":62}}},"5":{"name":"(anonymous_5)","decl":{"start":{"line":73,"column":32},"end":{"line":73,"column":36}},"loc":{"start":{"line":73,"column":40},"end":{"line":73,"column":60}}}},"branchMap":{"0":{"loc":{"start":{"line":3,"column":69},"end":{"line":3,"column":87}},"type":"binary-expr","locations":[{"start":{"line":3,"column":69},"end":{"line":3,"column":87}},{"start":{"line":3,"column":91},"end":{"line":3,"column":104}}]},"1":{"loc":{"start":{"line":42,"column":2},"end":{"line":44,"column":null}},"type":"if","locations":[{"start":{"line":42,"column":2},"end":{"line":44,"column":null}},{"start":{"line":42,"column":2},"end":{"line":44,"column":null}}]},"2":{"loc":{"start":{"line":49,"column":2},"end":{"line":51,"column":null}},"type":"if","locations":[{"start":{"line":49,"column":2},"end":{"line":51,"column":null}},{"start":{"line":49,"column":2},"end":{"line":51,"column":null}}]},"3":{"loc":{"start":{"line":52,"column":2},"end":{"line":54,"column":null}},"type":"if","locations":[{"start":{"line":52,"column":2},"end":{"line":54,"column":null}},{"start":{"line":52,"column":2},"end":{"line":54,"column":null}}]},"4":{"loc":{"start":{"line":59,"column":4},"end":{"line":59,"column":27}},"type":"binary-expr","locations":[{"start":{"line":59,"column":4},"end":{"line":59,"column":27}},{"start":{"line":59,"column":31},"end":{"line":59,"column":42}}]},"5":{"loc":{"start":{"line":60,"column":4},"end":{"line":60,"column":28}},"type":"binary-expr","locations":[{"start":{"line":60,"column":4},"end":{"line":60,"column":28}},{"start":{"line":60,"column":32},"end":{"line":60,"column":45}}]},"6":{"loc":{"start":{"line":61,"column":4},"end":{"line":61,"column":27}},"type":"binary-expr","locations":[{"start":{"line":61,"column":4},"end":{"line":61,"column":27}},{"start":{"line":61,"column":31},"end":{"line":61,"column":42}}]},"7":{"loc":{"start":{"line":62,"column":4},"end":{"line":62,"column":28}},"type":"binary-expr","locations":[{"start":{"line":62,"column":4},"end":{"line":62,"column":28}},{"start":{"line":62,"column":32},"end":{"line":62,"column":45}}]},"8":{"loc":{"start":{"line":63,"column":4},"end":{"line":63,"column":27}},"type":"binary-expr","locations":[{"start":{"line":63,"column":4},"end":{"line":63,"column":27}},{"start":{"line":63,"column":31},"end":{"line":63,"column":51}},{"start":{"line":63,"column":55},"end":{"line":63,"column":75}}]},"9":{"loc":{"start":{"line":68,"column":2},"end":{"line":81,"column":null}},"type":"if","locations":[{"start":{"line":68,"column":2},"end":{"line":81,"column":null}},{"start":{"line":68,"column":2},"end":{"line":81,"column":null}}]},"10":{"loc":{"start":{"line":69,"column":4},"end":{"line":71,"column":null}},"type":"if","locations":[{"start":{"line":69,"column":4},"end":{"line":71,"column":null}},{"start":{"line":69,"column":4},"end":{"line":71,"column":null}}]},"11":{"loc":{"start":{"line":72,"column":4},"end":{"line":74,"column":null}},"type":"if","locations":[{"start":{"line":72,"column":4},"end":{"line":74,"column":null}},{"start":{"line":72,"column":4},"end":{"line":74,"column":null}}]},"12":{"loc":{"start":{"line":75,"column":4},"end":{"line":77,"column":null}},"type":"if","locations":[{"start":{"line":75,"column":4},"end":{"line":77,"column":null}},{"start":{"line":75,"column":4},"end":{"line":77,"column":null}}]},"13":{"loc":{"start":{"line":78,"column":4},"end":{"line":80,"column":null}},"type":"if","locations":[{"start":{"line":78,"column":4},"end":{"line":80,"column":null}},{"start":{"line":78,"column":4},"end":{"line":80,"column":null}}]},"14":{"loc":{"start":{"line":83,"column":2},"end":{"line":85,"column":null}},"type":"if","locations":[{"start":{"line":83,"column":2},"end":{"line":85,"column":null}},{"start":{"line":83,"column":2},"end":{"line":85,"column":null}}]},"15":{"loc":{"start":{"line":87,"column":2},"end":{"line":89,"column":null}},"type":"if","locations":[{"start":{"line":87,"column":2},"end":{"line":89,"column":null}},{"start":{"line":87,"column":2},"end":{"line":89,"column":null}}]},"16":{"loc":{"start":{"line":87,"column":6},"end":{"line":87,"column":31}},"type":"binary-expr","locations":[{"start":{"line":87,"column":6},"end":{"line":87,"column":31}},{"start":{"line":87,"column":36},"end":{"line":87,"column":65}},{"start":{"line":87,"column":69},"end":{"line":87,"column":88}}]},"17":{"loc":{"start":{"line":90,"column":2},"end":{"line":92,"column":null}},"type":"if","locations":[{"start":{"line":90,"column":2},"end":{"line":92,"column":null}},{"start":{"line":90,"column":2},"end":{"line":92,"column":null}}]},"18":{"loc":{"start":{"line":90,"column":6},"end":{"line":90,"column":31}},"type":"binary-expr","locations":[{"start":{"line":90,"column":6},"end":{"line":90,"column":31}},{"start":{"line":90,"column":35},"end":{"line":90,"column":64}}]}},"s":{"0":1,"1":1,"2":4,"3":1,"4":6,"5":2,"6":4,"7":1,"8":21,"9":2,"10":19,"11":9,"12":10,"13":10,"14":1,"15":29,"16":12,"17":1,"18":2,"19":11,"20":1,"21":1,"22":10,"23":1,"24":9,"25":8,"26":18,"27":0,"28":18,"29":7,"30":11,"31":2,"32":9},"f":{"0":4,"1":6,"2":21,"3":29,"4":2,"5":1},"b":{"0":[4,3],"1":[2,4],"2":[2,19],"3":[9,10],"4":[10,2],"5":[10,2],"6":[10,2],"7":[10,2],"8":[10,2,1],"9":[12,17],"10":[1,11],"11":[1,10],"12":[1,9],"13":[8,1],"14":[0,18],"15":[7,11],"16":[18,8,1],"17":[2,9],"18":[11,4]}}
}
